Log file open, 10/11/19 21:58:54
LogWindows: Failed to load 'aqProf.dll' (GetLastError=126)
LogWindows: File 'aqProf.dll' does not exist
LogWindows: Failed to load 'VtuneApi.dll' (GetLastError=126)
LogWindows: File 'VtuneApi.dll' does not exist
LogWindows: Failed to load 'VtuneApi32e.dll' (GetLastError=126)
LogWindows: File 'VtuneApi32e.dll' does not exist
LogConsoleResponse: Display: Failed to find resolution value strings in scalability ini. Falling back to default.
LogInit: Display: Running engine for game: HeroRush
LogPlatformFile: Not using cached read wrapper
LogTaskGraph: Started task graph with 5 named threads and 23 total threads with 3 sets of task threads.
LogStats: Stats thread started at 0.138102
LogD3D11RHI: Loaded GFSDK_Aftermath_Lib.x64.dll
LogICUInternationalization: ICU TimeZone Detection - Raw Offset: +0:00, Platform Override: ''
LogPluginManager: Mounting plugin Paper2D
LogPluginManager: Mounting plugin AISupport
LogPluginManager: Mounting plugin LightPropagationVolume
LogPluginManager: Mounting plugin ActorLayerUtilities
LogPluginManager: Mounting plugin AnimationSharing
LogPluginManager: Mounting plugin CLionSourceCodeAccess
LogPluginManager: Mounting plugin CodeLiteSourceCodeAccess
LogPluginManager: Mounting plugin GitSourceControl
LogPluginManager: Mounting plugin KDevelopSourceCodeAccess
LogPluginManager: Mounting plugin NullSourceCodeAccess
LogPluginManager: Mounting plugin PerforceSourceControl
LogPluginManager: Mounting plugin SubversionSourceControl
LogPluginManager: Mounting plugin UObjectPlugin
LogPluginManager: Mounting plugin VisualStudioCodeSourceCodeAccess
LogPluginManager: Mounting plugin VisualStudioSourceCodeAccess
LogPluginManager: Mounting plugin XCodeSourceCodeAccess
LogPluginManager: Mounting plugin AssetManagerEditor
LogPluginManager: Mounting plugin CryptoKeys
LogPluginManager: Mounting plugin CurveEditorTools
LogPluginManager: Mounting plugin DataValidation
LogPluginManager: Mounting plugin FacialAnimation
LogPluginManager: Mounting plugin GameplayTagsEditor
LogPluginManager: Mounting plugin MacGraphicsSwitching
LogPluginManager: Mounting plugin MaterialAnalyzer
LogPluginManager: Mounting plugin MobileLauncherProfileWizard
LogPluginManager: Mounting plugin PluginBrowser
LogPluginManager: Mounting plugin SpeedTreeImporter
LogPluginManager: Mounting plugin DatasmithContent
LogPluginManager: Mounting plugin VariantManagerContent
LogPluginManager: Mounting plugin AlembicImporter
LogPluginManager: Mounting plugin AutomationUtils
LogPluginManager: Mounting plugin BackChannel
LogPluginManager: Mounting plugin CharacterAI
LogPluginManager: Mounting plugin GeometryCache
LogPluginManager: Mounting plugin HTML5Networking
LogPluginManager: Mounting plugin PlatformCrypto
LogPluginManager: Mounting plugin ProxyLODPlugin
LogPluginManager: Mounting plugin SkeletalReduction
LogPluginManager: Mounting plugin MagicLeap
LogPluginManager: Mounting plugin MagicLeapMedia
LogPluginManager: Mounting plugin AndroidMedia
LogPluginManager: Mounting plugin AvfMedia
LogPluginManager: Mounting plugin ImgMedia
LogPluginManager: Mounting plugin MediaCompositing
LogPluginManager: Mounting plugin MediaPlayerEditor
LogPluginManager: Mounting plugin WebMMedia
LogPluginManager: Mounting plugin WmfMedia
LogPluginManager: Mounting plugin TcpMessaging
LogPluginManager: Mounting plugin UdpMessaging
LogPluginManager: Mounting plugin ActorSequence
LogPluginManager: Mounting plugin LevelSequenceEditor
LogPluginManager: Mounting plugin MatineeToLevelSequence
LogPluginManager: Mounting plugin NetcodeUnitTest
LogPluginManager: Mounting plugin NUTUnrealEngine4
LogPluginManager: Mounting plugin OnlineSubsystemGooglePlay
LogPluginManager: Mounting plugin OnlineSubsystemIOS
LogPluginManager: Mounting plugin OnlineSubsystem
LogPluginManager: Mounting plugin OnlineSubsystemNull
LogPluginManager: Mounting plugin OnlineSubsystemUtils
LogPluginManager: Mounting plugin LauncherChunkInstaller
LogPluginManager: Mounting plugin AndroidDeviceProfileSelector
LogPluginManager: Mounting plugin AndroidMoviePlayer
LogPluginManager: Mounting plugin AndroidPermission
LogPluginManager: Mounting plugin AppleImageUtils
LogPluginManager: Mounting plugin AppleMoviePlayer
LogPluginManager: Mounting plugin ArchVisCharacter
LogPluginManager: Mounting plugin AudioCapture
LogPluginManager: Mounting plugin CableComponent
LogPluginManager: Mounting plugin CustomMeshComponent
LogPluginManager: Mounting plugin EditableMesh
LogPluginManager: Mounting plugin ExampleDeviceProfileSelector
LogPluginManager: Mounting plugin GoogleCloudMessaging
LogPluginManager: Mounting plugin IOSDeviceProfileSelector
LogPluginManager: Mounting plugin LinuxDeviceProfileSelector
LogPluginManager: Mounting plugin LocationServicesBPLibrary
LogPluginManager: Mounting plugin MobilePatchingUtils
LogPluginManager: Mounting plugin OculusVR
LogPluginManager: Mounting plugin PhysXVehicles
LogPluginManager: Mounting plugin ProceduralMeshComponent
LogPluginManager: Mounting plugin RuntimePhysXCooking
LogPluginManager: Mounting plugin SignificanceManager
LogPluginManager: Mounting plugin SteamVR
LogPluginManager: Mounting plugin WebMMoviePlayer
LogPluginManager: Mounting plugin WindowsMoviePlayer
LogPluginManager: Mounting plugin ScreenshotTools
LogInit: Using libcurl 7.55.1-DEV
LogInit:  - built for x86_64-pc-win32
LogInit:  - supports SSL with OpenSSL/1.1.1
LogInit:  - supports HTTP deflate (compression) using libz 1.2.8
LogInit:  - other features:
LogInit:      CURL_VERSION_SSL
LogInit:      CURL_VERSION_LIBZ
LogInit:      CURL_VERSION_IPV6
LogInit:      CURL_VERSION_ASYNCHDNS
LogInit:      CURL_VERSION_LARGEFILE
LogInit:      CURL_VERSION_IDN
LogInit:  CurlRequestOptions (configurable via config and command line):
LogInit:  - bVerifyPeer = true  - Libcurl will verify peer certificate
LogInit:  - bUseHttpProxy = false  - Libcurl will NOT use HTTP proxy
LogInit:  - bDontReuseConnections = false  - Libcurl will reuse connections
LogInit:  - MaxHostConnections = 16  - Libcurl will limit the number of connections to a host
LogInit:  - LocalHostAddr = Default
LogInit:  - BufferSize = 65536
LogOnline: OSS: Creating online subsystem instance for: NULL
LogInit: WinSock: version 1.1 (2.2), MaxSocks=32767, MaxUdp=65467
LogInit: Build: ++UE4+Release-4.23-CL-8386587
LogInit: Engine Version: 4.23.0-8386587+++UE4+Release-4.23
LogInit: Compatible Engine Version: 4.23.0-8386587+++UE4+Release-4.23
LogInit: Net CL: 8386587
LogInit: OS: Windows 10 (Release 1803) (), CPU: Intel(R) Core(TM) i7-6700HQ CPU @ 2.60GHz, GPU: Intel(R) HD Graphics 530
LogInit: Compiled (64-bit): Aug 31 2019 02:04:44
LogInit: Compiled with Visual C++: 19.16.27030.01
LogInit: Build Configuration: Development
LogInit: Branch Name: ++UE4+Release-4.23
LogInit: Command Line: 
LogInit: Base Directory: D:/UE_4.23/Engine/Binaries/Win64/
LogInit: Installed Engine Build: 1
LogDevObjectVersion: Number of dev versions registered: 23
LogDevObjectVersion:   Dev-Blueprints (B0D832E4-1F89-4F0D-ACCF-7EB736FD4AA2): 10
LogDevObjectVersion:   Dev-Build (E1C64328-A22C-4D53-A36C-8E866417BD8C): 0
LogDevObjectVersion:   Dev-Core (375EC13C-06E4-48FB-B500-84F0262A717E): 3
LogDevObjectVersion:   Dev-Editor (E4B068ED-F494-42E9-A231-DA0B2E46BB41): 34
LogDevObjectVersion:   Dev-Framework (CFFC743F-43B0-4480-9391-14DF171D2073): 35
LogDevObjectVersion:   Dev-Mobile (B02B49B5-BB20-44E9-A304-32B752E40360): 2
LogDevObjectVersion:   Dev-Networking (A4E4105C-59A1-49B5-A7C5-40C4547EDFEE): 0
LogDevObjectVersion:   Dev-Online (39C831C9-5AE6-47DC-9A44-9C173E1C8E7C): 0
LogDevObjectVersion:   Dev-Physics (78F01B33-EBEA-4F98-B9B4-84EACCB95AA2): 0
LogDevObjectVersion:   Dev-Platform (6631380F-2D4D-43E0-8009-CF276956A95A): 0
LogDevObjectVersion:   Dev-Rendering (12F88B9F-8875-4AFC-A67C-D90C383ABD29): 31
LogDevObjectVersion:   Dev-Sequencer (7B5AE74C-D270-4C10-A958-57980B212A5A): 11
LogDevObjectVersion:   Dev-VR (D7296918-1DD6-4BDD-9DE2-64A83CC13884): 2
LogDevObjectVersion:   Dev-LoadTimes (C2A15278-BFE7-4AFE-6C17-90FF531DF755): 1
LogDevObjectVersion:   Private-Geometry (6EACA3D4-40EC-4CC1-B786-8BED09428FC5): 3
LogDevObjectVersion:   Dev-AnimPhys (29E575DD-E0A3-4627-9D10-D276232CDCEA): 17
LogDevObjectVersion:   Dev-Anim (AF43A65D-7FD3-4947-9873-3E8ED9C1BB05): 2
LogDevObjectVersion:   Dev-ReflectionCapture (6B266CEC-1EC7-4B8F-A30B-E4D90942FC07): 1
LogDevObjectVersion:   Dev-Automation (0DF73D61-A23F-47EA-B727-89E90C41499A): 1
LogDevObjectVersion:   FortniteMain (601D1886-AC64-4F84-AA16-D3DE0DEAC7D6): 27
LogDevObjectVersion:   Dev-Enterprise (9DFFBCD6-494F-0158-E221-12823C92A888): 6
LogDevObjectVersion:   Dev-Niagara (F2AED0AC-9AFE-416F-8664-AA7FFA26D6FC): 1
LogDevObjectVersion:   Dev-Destruction (174F1F0B-B4C6-45A5-B13F-2EE8D0FB917D): 9
LogInit: Presizing for max 16777216 objects, including 0 objects not considered by GC, pre-allocating 0 bytes for permanent pool.
LogInit: Object subsystem initialized
LogConfig: Setting CVar [[con.DebugEarlyDefault:1]]
LogConfig: Setting CVar [[r.setres:1280x720]]
[2019.10.11-20.58.54:441][  0]LogConfig: Setting CVar [[r.VSync:0]]
[2019.10.11-20.58.54:441][  0]LogConfig: Setting CVar [[r.RHICmdBypass:0]]
[2019.10.11-20.58.54:441][  0]LogConfig: Applying CVar settings from Section [/Script/Engine.RendererSettings] File [D:/UE4 Proj/HeroRush/Saved/Config/Windows/Engine.ini]
[2019.10.11-20.58.54:441][  0]LogConfig: Setting CVar [[r.GPUCrashDebugging:0]]
[2019.10.11-20.58.54:442][  0]LogConfig: Applying CVar settings from Section [/Script/Engine.RendererOverrideSettings] File [D:/UE4 Proj/HeroRush/Saved/Config/Windows/Engine.ini]
[2019.10.11-20.58.54:442][  0]LogConfig: Applying CVar settings from Section [/Script/Engine.StreamingSettings] File [D:/UE4 Proj/HeroRush/Saved/Config/Windows/Engine.ini]
[2019.10.11-20.58.54:442][  0]LogConfig: Setting CVar [[s.MinBulkDataSizeForAsyncLoading:131072]]
[2019.10.11-20.58.54:442][  0]LogConfig: Setting CVar [[s.AsyncLoadingThreadEnabled:0]]
[2019.10.11-20.58.54:442][  0]LogConfig: Setting CVar [[s.EventDrivenLoaderEnabled:1]]
[2019.10.11-20.58.54:442][  0]LogConfig: Setting CVar [[s.WarnIfTimeLimitExceeded:0]]
[2019.10.11-20.58.54:442][  0]LogConfig: Setting CVar [[s.TimeLimitExceededMultiplier:1.5]]
[2019.10.11-20.58.54:442][  0]LogConfig: Setting CVar [[s.TimeLimitExceededMinTime:0.005]]
[2019.10.11-20.58.54:442][  0]LogConfig: Setting CVar [[s.UseBackgroundLevelStreaming:1]]
[2019.10.11-20.58.54:442][  0]LogConfig: Setting CVar [[s.PriorityAsyncLoadingExtraTime:15.0]]
[2019.10.11-20.58.54:442][  0]LogConfig: Setting CVar [[s.LevelStreamingActorsUpdateTimeLimit:5.0]]
[2019.10.11-20.58.54:442][  0]LogConfig: Setting CVar [[s.PriorityLevelStreamingActorsUpdateExtraTime:5.0]]
[2019.10.11-20.58.54:442][  0]LogConfig: Setting CVar [[s.LevelStreamingComponentsRegistrationGranularity:10]]
[2019.10.11-20.58.54:442][  0]LogConfig: Setting CVar [[s.UnregisterComponentsTimeLimit:1.0]]
[2019.10.11-20.58.54:442][  0]LogConfig: Setting CVar [[s.LevelStreamingComponentsUnregistrationGranularity:5]]
[2019.10.11-20.58.54:442][  0]LogConfig: Applying CVar settings from Section [/Script/Engine.GarbageCollectionSettings] File [D:/UE4 Proj/HeroRush/Saved/Config/Windows/Engine.ini]
[2019.10.11-20.58.54:442][  0]LogConfig: Setting CVar [[gc.MaxObjectsNotConsideredByGC:1]]
[2019.10.11-20.58.54:442][  0]LogConfig: Setting CVar [[gc.SizeOfPermanentObjectPool:0]]
[2019.10.11-20.58.54:442][  0]LogConfig: Setting CVar [[gc.FlushStreamingOnGC:0]]
[2019.10.11-20.58.54:442][  0]LogConfig: Setting CVar [[gc.NumRetriesBeforeForcingGC:10]]
[2019.10.11-20.58.54:442][  0]LogConfig: Setting CVar [[gc.AllowParallelGC:1]]
[2019.10.11-20.58.54:442][  0]LogConfig: Setting CVar [[gc.TimeBetweenPurgingPendingKillObjects:61.1]]
[2019.10.11-20.58.54:442][  0]LogConfig: Setting CVar [[gc.MaxObjectsInEditor:16777216]]
[2019.10.11-20.58.54:442][  0]LogConfig: Setting CVar [[gc.IncrementalBeginDestroyEnabled:1]]
[2019.10.11-20.58.54:442][  0]LogConfig: Setting CVar [[gc.CreateGCClusters:1]]
[2019.10.11-20.58.54:442][  0]LogConfig: Setting CVar [[gc.MinGCClusterSize:5]]
[2019.10.11-20.58.54:442][  0]LogConfig: Setting CVar [[gc.ActorClusteringEnabled:0]]
[2019.10.11-20.58.54:442][  0]LogConfig: Setting CVar [[gc.BlueprintClusteringEnabled:0]]
[2019.10.11-20.58.54:442][  0]LogConfig: Setting CVar [[gc.UseDisregardForGCOnDedicatedServers:0]]
[2019.10.11-20.58.54:442][  0]LogConfig: Applying CVar settings from Section [/Script/Engine.NetworkSettings] File [D:/UE4 Proj/HeroRush/Saved/Config/Windows/Engine.ini]
[2019.10.11-20.58.54:442][  0]LogConfig: Applying CVar settings from Section [/Script/UnrealEd.CookerSettings] File [D:/UE4 Proj/HeroRush/Saved/Config/Windows/Engine.ini]
[2019.10.11-20.58.54:446][  0]LogConfig: Applying CVar settings from Section [ViewDistanceQuality@3] File [D:/UE4 Proj/HeroRush/Saved/Config/Windows/Scalability.ini]
[2019.10.11-20.58.54:446][  0]LogConfig: Setting CVar [[r.SkeletalMeshLODBias:0]]
[2019.10.11-20.58.54:446][  0]LogConfig: Setting CVar [[r.ViewDistanceScale:1.0]]
[2019.10.11-20.58.54:446][  0]LogConfig: Applying CVar settings from Section [AntiAliasingQuality@3] File [D:/UE4 Proj/HeroRush/Saved/Config/Windows/Scalability.ini]
[2019.10.11-20.58.54:446][  0]LogConfig: Setting CVar [[r.PostProcessAAQuality:4]]
[2019.10.11-20.58.54:446][  0]LogConfig: Applying CVar settings from Section [ShadowQuality@3] File [D:/UE4 Proj/HeroRush/Saved/Config/Windows/Scalability.ini]
[2019.10.11-20.58.54:446][  0]LogConfig: Setting CVar [[r.LightFunctionQuality:1]]
[2019.10.11-20.58.54:446][  0]LogConfig: Setting CVar [[r.ShadowQuality:5]]
[2019.10.11-20.58.54:446][  0]LogConfig: Setting CVar [[r.Shadow.CSM.MaxCascades:10]]
[2019.10.11-20.58.54:446][  0]LogConfig: Setting CVar [[r.Shadow.MaxResolution:2048]]
[2019.10.11-20.58.54:446][  0]LogConfig: Setting CVar [[r.Shadow.MaxCSMResolution:2048]]
[2019.10.11-20.58.54:446][  0]LogConfig: Setting CVar [[r.Shadow.RadiusThreshold:0.01]]
[2019.10.11-20.58.54:446][  0]LogConfig: Setting CVar [[r.Shadow.DistanceScale:1.0]]
[2019.10.11-20.58.54:446][  0]LogConfig: Setting CVar [[r.Shadow.CSM.TransitionScale:1.0]]
[2019.10.11-20.58.54:446][  0]LogConfig: Setting CVar [[r.Shadow.PreShadowResolutionFactor:1.0]]
[2019.10.11-20.58.54:446][  0]LogConfig: Setting CVar [[r.DistanceFieldShadowing:1]]
[2019.10.11-20.58.54:446][  0]LogConfig: Setting CVar [[r.DistanceFieldAO:1]]
[2019.10.11-20.58.54:446][  0]LogConfig: Setting CVar [[r.AOQuality:2]]
[2019.10.11-20.58.54:446][  0]LogConfig: Setting CVar [[r.VolumetricFog:1]]
[2019.10.11-20.58.54:446][  0]LogConfig: Setting CVar [[r.VolumetricFog.GridPixelSize:8]]
[2019.10.11-20.58.54:447][  0]LogConfig: Setting CVar [[r.VolumetricFog.GridSizeZ:128]]
[2019.10.11-20.58.54:447][  0]LogConfig: Setting CVar [[r.VolumetricFog.HistoryMissSupersampleCount:4]]
[2019.10.11-20.58.54:447][  0]LogConfig: Setting CVar [[r.LightMaxDrawDistanceScale:1]]
[2019.10.11-20.58.54:447][  0]LogConfig: Setting CVar [[r.CapsuleShadows:1]]
[2019.10.11-20.58.54:447][  0]LogConfig: Applying CVar settings from Section [PostProcessQuality@3] File [D:/UE4 Proj/HeroRush/Saved/Config/Windows/Scalability.ini]
[2019.10.11-20.58.54:447][  0]LogConfig: Setting CVar [[r.MotionBlurQuality:4]]
[2019.10.11-20.58.54:447][  0]LogConfig: Setting CVar [[r.AmbientOcclusionMipLevelFactor:0.4]]
[2019.10.11-20.58.54:447][  0]LogConfig: Setting CVar [[r.AmbientOcclusionMaxQuality:100]]
[2019.10.11-20.58.54:447][  0]LogConfig: Setting CVar [[r.AmbientOcclusionLevels:-1]]
[2019.10.11-20.58.54:447][  0]LogConfig: Setting CVar [[r.AmbientOcclusionRadiusScale:1.0]]
[2019.10.11-20.58.54:447][  0]LogConfig: Setting CVar [[r.DepthOfFieldQuality:2]]
[2019.10.11-20.58.54:447][  0]LogConfig: Setting CVar [[r.RenderTargetPoolMin:400]]
[2019.10.11-20.58.54:447][  0]LogConfig: Setting CVar [[r.LensFlareQuality:2]]
[2019.10.11-20.58.54:447][  0]LogConfig: Setting CVar [[r.SceneColorFringeQuality:1]]
[2019.10.11-20.58.54:447][  0]LogConfig: Setting CVar [[r.EyeAdaptationQuality:2]]
[2019.10.11-20.58.54:447][  0]LogConfig: Setting CVar [[r.BloomQuality:5]]
[2019.10.11-20.58.54:447][  0]LogConfig: Setting CVar [[r.FastBlurThreshold:100]]
[2019.10.11-20.58.54:447][  0]LogConfig: Setting CVar [[r.Upscale.Quality:3]]
[2019.10.11-20.58.54:447][  0]LogConfig: Setting CVar [[r.Tonemapper.GrainQuantization:1]]
[2019.10.11-20.58.54:447][  0]LogConfig: Setting CVar [[r.LightShaftQuality:1]]
[2019.10.11-20.58.54:447][  0]LogConfig: Setting CVar [[r.Filter.SizeScale:1]]
[2019.10.11-20.58.54:447][  0]LogConfig: Setting CVar [[r.Tonemapper.Quality:5]]
[2019.10.11-20.58.54:447][  0]LogConfig: Setting CVar [[r.DOF.Gather.AccumulatorQuality:1        ; higher gathering accumulator quality]]
[2019.10.11-20.58.54:447][  0]LogConfig: Setting CVar [[r.DOF.Gather.PostfilterMethod:1          ; Median3x3 postfilering method]]
[2019.10.11-20.58.54:447][  0]LogConfig: Setting CVar [[r.DOF.Gather.EnableBokehSettings:0       ; no bokeh simulation when gathering]]
[2019.10.11-20.58.54:447][  0]LogConfig: Setting CVar [[r.DOF.Gather.RingCount:4                 ; medium number of samples when gathering]]
[2019.10.11-20.58.54:447][  0]LogConfig: Setting CVar [[r.DOF.Scatter.ForegroundCompositing:1    ; additive foreground scattering]]
[2019.10.11-20.58.54:447][  0]LogConfig: Setting CVar [[r.DOF.Scatter.BackgroundCompositing:2    ; additive background scattering]]
[2019.10.11-20.58.54:447][  0]LogConfig: Setting CVar [[r.DOF.Scatter.EnableBokehSettings:1      ; bokeh simulation when scattering]]
[2019.10.11-20.58.54:447][  0]LogConfig: Setting CVar [[r.DOF.Scatter.MaxSpriteRatio:0.1         ; only a maximum of 10% of scattered bokeh]]
[2019.10.11-20.58.54:447][  0]LogConfig: Setting CVar [[r.DOF.Recombine.Quality:1                ; cheap slight out of focus]]
[2019.10.11-20.58.54:447][  0]LogConfig: Setting CVar [[r.DOF.Recombine.EnableBokehSettings:0    ; no bokeh simulation on slight out of focus]]
[2019.10.11-20.58.54:447][  0]LogConfig: Setting CVar [[r.DOF.TemporalAAQuality:1                ; more stable temporal accumulation]]
[2019.10.11-20.58.54:447][  0]LogConfig: Setting CVar [[r.DOF.Kernel.MaxForegroundRadius:0.025]]
[2019.10.11-20.58.54:447][  0]LogConfig: Setting CVar [[r.DOF.Kernel.MaxBackgroundRadius:0.025]]
[2019.10.11-20.58.54:447][  0]LogConfig: Applying CVar settings from Section [TextureQuality@3] File [D:/UE4 Proj/HeroRush/Saved/Config/Windows/Scalability.ini]
[2019.10.11-20.58.54:447][  0]LogConfig: Setting CVar [[r.Streaming.MipBias:0]]
[2019.10.11-20.58.54:447][  0]LogConfig: Setting CVar [[r.Streaming.AmortizeCPUToGPUCopy:0]]
[2019.10.11-20.58.54:447][  0]LogConfig: Setting CVar [[r.Streaming.MaxNumTexturesToStreamPerFrame:0]]
[2019.10.11-20.58.54:447][  0]LogConfig: Setting CVar [[r.Streaming.Boost:1]]
[2019.10.11-20.58.54:447][  0]LogConfig: Setting CVar [[r.MaxAnisotropy:8]]
[2019.10.11-20.58.54:447][  0]LogConfig: Setting CVar [[r.Streaming.LimitPoolSizeToVRAM:0]]
[2019.10.11-20.58.54:447][  0]LogConfig: Setting CVar [[r.Streaming.PoolSize:1000]]
[2019.10.11-20.58.54:447][  0]LogConfig: Setting CVar [[r.Streaming.MaxEffectiveScreenSize:0]]
[2019.10.11-20.58.54:447][  0]LogConfig: Applying CVar settings from Section [EffectsQuality@3] File [D:/UE4 Proj/HeroRush/Saved/Config/Windows/Scalability.ini]
[2019.10.11-20.58.54:447][  0]LogConfig: Setting CVar [[r.TranslucencyLightingVolumeDim:64]]
[2019.10.11-20.58.54:447][  0]LogConfig: Setting CVar [[r.RefractionQuality:2]]
[2019.10.11-20.58.54:447][  0]LogConfig: Setting CVar [[r.SSR.Quality:3]]
[2019.10.11-20.58.54:447][  0]LogConfig: Setting CVar [[r.SceneColorFormat:4]]
[2019.10.11-20.58.54:447][  0]LogConfig: Setting CVar [[r.DetailMode:2]]
[2019.10.11-20.58.54:447][  0]LogConfig: Setting CVar [[r.TranslucencyVolumeBlur:1]]
[2019.10.11-20.58.54:447][  0]LogConfig: Setting CVar [[r.MaterialQualityLevel:1 ; High quality]]
[2019.10.11-20.58.54:447][  0]LogConfig: Setting CVar [[r.SSS.Scale:1]]
[2019.10.11-20.58.54:447][  0]LogConfig: Setting CVar [[r.SSS.SampleSet:2]]
[2019.10.11-20.58.54:447][  0]LogConfig: Setting CVar [[r.SSS.Quality:1]]
[2019.10.11-20.58.54:447][  0]LogConfig: Setting CVar [[r.SSS.HalfRes:1]]
[2019.10.11-20.58.54:447][  0]LogConfig: Setting CVar [[r.EmitterSpawnRateScale:1.0]]
[2019.10.11-20.58.54:447][  0]LogConfig: Setting CVar [[r.ParticleLightQuality:2]]
[2019.10.11-20.58.54:447][  0]LogConfig: Applying CVar settings from Section [FoliageQuality@3] File [D:/UE4 Proj/HeroRush/Saved/Config/Windows/Scalability.ini]
[2019.10.11-20.58.54:447][  0]LogConfig: Setting CVar [[foliage.DensityScale:1.0]]
[2019.10.11-20.58.54:447][  0]LogConfig: Setting CVar [[grass.DensityScale:1.0]]
[2019.10.11-20.58.54:448][  0]LogInit: Selected Device Profile: [Windows]
[2019.10.11-20.58.54:448][  0]LogInit: Applying CVar settings loaded from the selected device profile: [Windows]
[2019.10.11-20.58.54:451][  0]LogHAL: Display: Platform has ~ 8 GB [8409350144 / 8589934592 / 8], which maps to Default [LargestMinGB=32, LargerMinGB=12, DefaultMinGB=8, SmallerMinGB=6, SmallestMinGB=0)
[2019.10.11-20.58.54:451][  0]LogInit: Going up to parent DeviceProfile []
[2019.10.11-20.58.54:451][  0]LogConfig: Applying CVar settings from Section [ViewDistanceQuality@3] File [D:/UE4 Proj/HeroRush/Saved/Config/Windows/Scalability.ini]
[2019.10.11-20.58.54:451][  0]LogConfig: Setting CVar [[r.SkeletalMeshLODBias:0]]
[2019.10.11-20.58.54:451][  0]LogConfig: Setting CVar [[r.ViewDistanceScale:1.0]]
[2019.10.11-20.58.54:451][  0]LogConfig: Applying CVar settings from Section [AntiAliasingQuality@3] File [D:/UE4 Proj/HeroRush/Saved/Config/Windows/Scalability.ini]
[2019.10.11-20.58.54:451][  0]LogConfig: Setting CVar [[r.PostProcessAAQuality:4]]
[2019.10.11-20.58.54:451][  0]LogConfig: Applying CVar settings from Section [ShadowQuality@3] File [D:/UE4 Proj/HeroRush/Saved/Config/Windows/Scalability.ini]
[2019.10.11-20.58.54:452][  0]LogConfig: Setting CVar [[r.LightFunctionQuality:1]]
[2019.10.11-20.58.54:452][  0]LogConfig: Setting CVar [[r.ShadowQuality:5]]
[2019.10.11-20.58.54:452][  0]LogConfig: Setting CVar [[r.Shadow.CSM.MaxCascades:10]]
[2019.10.11-20.58.54:452][  0]LogConfig: Setting CVar [[r.Shadow.MaxResolution:2048]]
[2019.10.11-20.58.54:452][  0]LogConfig: Setting CVar [[r.Shadow.MaxCSMResolution:2048]]
[2019.10.11-20.58.54:452][  0]LogConfig: Setting CVar [[r.Shadow.RadiusThreshold:0.01]]
[2019.10.11-20.58.54:452][  0]LogConfig: Setting CVar [[r.Shadow.DistanceScale:1.0]]
[2019.10.11-20.58.54:452][  0]LogConfig: Setting CVar [[r.Shadow.CSM.TransitionScale:1.0]]
[2019.10.11-20.58.54:452][  0]LogConfig: Setting CVar [[r.Shadow.PreShadowResolutionFactor:1.0]]
[2019.10.11-20.58.54:452][  0]LogConfig: Setting CVar [[r.DistanceFieldShadowing:1]]
[2019.10.11-20.58.54:452][  0]LogConfig: Setting CVar [[r.DistanceFieldAO:1]]
[2019.10.11-20.58.54:452][  0]LogConfig: Setting CVar [[r.AOQuality:2]]
[2019.10.11-20.58.54:452][  0]LogConfig: Setting CVar [[r.VolumetricFog:1]]
[2019.10.11-20.58.54:452][  0]LogConfig: Setting CVar [[r.VolumetricFog.GridPixelSize:8]]
[2019.10.11-20.58.54:452][  0]LogConfig: Setting CVar [[r.VolumetricFog.GridSizeZ:128]]
[2019.10.11-20.58.54:452][  0]LogConfig: Setting CVar [[r.VolumetricFog.HistoryMissSupersampleCount:4]]
[2019.10.11-20.58.54:452][  0]LogConfig: Setting CVar [[r.LightMaxDrawDistanceScale:1]]
[2019.10.11-20.58.54:452][  0]LogConfig: Setting CVar [[r.CapsuleShadows:1]]
[2019.10.11-20.58.54:452][  0]LogConfig: Applying CVar settings from Section [PostProcessQuality@3] File [D:/UE4 Proj/HeroRush/Saved/Config/Windows/Scalability.ini]
[2019.10.11-20.58.54:452][  0]LogConfig: Setting CVar [[r.MotionBlurQuality:4]]
[2019.10.11-20.58.54:452][  0]LogConfig: Setting CVar [[r.AmbientOcclusionMipLevelFactor:0.4]]
[2019.10.11-20.58.54:452][  0]LogConfig: Setting CVar [[r.AmbientOcclusionMaxQuality:100]]
[2019.10.11-20.58.54:452][  0]LogConfig: Setting CVar [[r.AmbientOcclusionLevels:-1]]
[2019.10.11-20.58.54:452][  0]LogConfig: Setting CVar [[r.AmbientOcclusionRadiusScale:1.0]]
[2019.10.11-20.58.54:452][  0]LogConfig: Setting CVar [[r.DepthOfFieldQuality:2]]
[2019.10.11-20.58.54:452][  0]LogConfig: Setting CVar [[r.RenderTargetPoolMin:400]]
[2019.10.11-20.58.54:452][  0]LogConfig: Setting CVar [[r.LensFlareQuality:2]]
[2019.10.11-20.58.54:452][  0]LogConfig: Setting CVar [[r.SceneColorFringeQuality:1]]
[2019.10.11-20.58.54:452][  0]LogConfig: Setting CVar [[r.EyeAdaptationQuality:2]]
[2019.10.11-20.58.54:452][  0]LogConfig: Setting CVar [[r.BloomQuality:5]]
[2019.10.11-20.58.54:452][  0]LogConfig: Setting CVar [[r.FastBlurThreshold:100]]
[2019.10.11-20.58.54:452][  0]LogConfig: Setting CVar [[r.Upscale.Quality:3]]
[2019.10.11-20.58.54:452][  0]LogConfig: Setting CVar [[r.Tonemapper.GrainQuantization:1]]
[2019.10.11-20.58.54:452][  0]LogConfig: Setting CVar [[r.LightShaftQuality:1]]
[2019.10.11-20.58.54:452][  0]LogConfig: Setting CVar [[r.Filter.SizeScale:1]]
[2019.10.11-20.58.54:452][  0]LogConfig: Setting CVar [[r.Tonemapper.Quality:5]]
[2019.10.11-20.58.54:452][  0]LogConfig: Setting CVar [[r.DOF.Gather.AccumulatorQuality:1        ; higher gathering accumulator quality]]
[2019.10.11-20.58.54:452][  0]LogConfig: Setting CVar [[r.DOF.Gather.PostfilterMethod:1          ; Median3x3 postfilering method]]
[2019.10.11-20.58.54:452][  0]LogConfig: Setting CVar [[r.DOF.Gather.EnableBokehSettings:0       ; no bokeh simulation when gathering]]
[2019.10.11-20.58.54:452][  0]LogConfig: Setting CVar [[r.DOF.Gather.RingCount:4                 ; medium number of samples when gathering]]
[2019.10.11-20.58.54:452][  0]LogConfig: Setting CVar [[r.DOF.Scatter.ForegroundCompositing:1    ; additive foreground scattering]]
[2019.10.11-20.58.54:452][  0]LogConfig: Setting CVar [[r.DOF.Scatter.BackgroundCompositing:2    ; additive background scattering]]
[2019.10.11-20.58.54:452][  0]LogConfig: Setting CVar [[r.DOF.Scatter.EnableBokehSettings:1      ; bokeh simulation when scattering]]
[2019.10.11-20.58.54:452][  0]LogConfig: Setting CVar [[r.DOF.Scatter.MaxSpriteRatio:0.1         ; only a maximum of 10% of scattered bokeh]]
[2019.10.11-20.58.54:452][  0]LogConfig: Setting CVar [[r.DOF.Recombine.Quality:1                ; cheap slight out of focus]]
[2019.10.11-20.58.54:452][  0]LogConfig: Setting CVar [[r.DOF.Recombine.EnableBokehSettings:0    ; no bokeh simulation on slight out of focus]]
[2019.10.11-20.58.54:452][  0]LogConfig: Setting CVar [[r.DOF.TemporalAAQuality:1                ; more stable temporal accumulation]]
[2019.10.11-20.58.54:452][  0]LogConfig: Setting CVar [[r.DOF.Kernel.MaxForegroundRadius:0.025]]
[2019.10.11-20.58.54:452][  0]LogConfig: Setting CVar [[r.DOF.Kernel.MaxBackgroundRadius:0.025]]
[2019.10.11-20.58.54:452][  0]LogConfig: Applying CVar settings from Section [TextureQuality@3] File [D:/UE4 Proj/HeroRush/Saved/Config/Windows/Scalability.ini]
[2019.10.11-20.58.54:452][  0]LogConfig: Setting CVar [[r.Streaming.MipBias:0]]
[2019.10.11-20.58.54:452][  0]LogConfig: Setting CVar [[r.Streaming.AmortizeCPUToGPUCopy:0]]
[2019.10.11-20.58.54:453][  0]LogConfig: Setting CVar [[r.Streaming.MaxNumTexturesToStreamPerFrame:0]]
[2019.10.11-20.58.54:453][  0]LogConfig: Setting CVar [[r.Streaming.Boost:1]]
[2019.10.11-20.58.54:453][  0]LogConfig: Setting CVar [[r.MaxAnisotropy:8]]
[2019.10.11-20.58.54:453][  0]LogConfig: Setting CVar [[r.Streaming.LimitPoolSizeToVRAM:0]]
[2019.10.11-20.58.54:453][  0]LogConfig: Setting CVar [[r.Streaming.PoolSize:1000]]
[2019.10.11-20.58.54:453][  0]LogConfig: Setting CVar [[r.Streaming.MaxEffectiveScreenSize:0]]
[2019.10.11-20.58.54:453][  0]LogConfig: Applying CVar settings from Section [EffectsQuality@3] File [D:/UE4 Proj/HeroRush/Saved/Config/Windows/Scalability.ini]
[2019.10.11-20.58.54:453][  0]LogConfig: Setting CVar [[r.TranslucencyLightingVolumeDim:64]]
[2019.10.11-20.58.54:453][  0]LogConfig: Setting CVar [[r.RefractionQuality:2]]
[2019.10.11-20.58.54:453][  0]LogConfig: Setting CVar [[r.SSR.Quality:3]]
[2019.10.11-20.58.54:453][  0]LogConfig: Setting CVar [[r.SceneColorFormat:4]]
[2019.10.11-20.58.54:453][  0]LogConfig: Setting CVar [[r.DetailMode:2]]
[2019.10.11-20.58.54:453][  0]LogConfig: Setting CVar [[r.TranslucencyVolumeBlur:1]]
[2019.10.11-20.58.54:453][  0]LogConfig: Setting CVar [[r.MaterialQualityLevel:1 ; High quality]]
[2019.10.11-20.58.54:453][  0]LogConfig: Setting CVar [[r.SSS.Scale:1]]
[2019.10.11-20.58.54:453][  0]LogConfig: Setting CVar [[r.SSS.SampleSet:2]]
[2019.10.11-20.58.54:453][  0]LogConfig: Setting CVar [[r.SSS.Quality:1]]
[2019.10.11-20.58.54:453][  0]LogConfig: Setting CVar [[r.SSS.HalfRes:1]]
[2019.10.11-20.58.54:453][  0]LogConfig: Setting CVar [[r.EmitterSpawnRateScale:1.0]]
[2019.10.11-20.58.54:453][  0]LogConfig: Setting CVar [[r.ParticleLightQuality:2]]
[2019.10.11-20.58.54:453][  0]LogConfig: Applying CVar settings from Section [FoliageQuality@3] File [D:/UE4 Proj/HeroRush/Saved/Config/Windows/Scalability.ini]
[2019.10.11-20.58.54:453][  0]LogConfig: Setting CVar [[foliage.DensityScale:1.0]]
[2019.10.11-20.58.54:453][  0]LogConfig: Setting CVar [[grass.DensityScale:1.0]]
[2019.10.11-20.58.54:453][  0]LogConfig: Applying CVar settings from Section [Startup] File [../../../Engine/Config/ConsoleVariables.ini]
[2019.10.11-20.58.54:453][  0]LogConfig: Setting CVar [[net.UseAdaptiveNetUpdateFrequency:0]]
[2019.10.11-20.58.54:453][  0]LogConfig: Setting CVar [[p.chaos.AllowCreatePhysxBodies:1]]
[2019.10.11-20.58.54:453][  0]LogConfig: Applying CVar settings from Section [ConsoleVariables] File [D:/UE4 Proj/HeroRush/Saved/Config/Windows/Engine.ini]
[2019.10.11-20.58.54:453][  0]LogInit: Computer: DESKTOP-S7T7CEP
[2019.10.11-20.58.54:453][  0]LogInit: User: CristianH
[2019.10.11-20.58.54:453][  0]LogInit: CPU Page size=4096, Cores=4
[2019.10.11-20.58.54:453][  0]LogInit: High frequency timer resolution =2.531253 MHz
[2019.10.11-20.58.54:454][  0]LogMemory: Memory total: Physical=7.8GB (8GB approx)
[2019.10.11-20.58.54:454][  0]LogMemory: Platform Memory Stats for Windows
[2019.10.11-20.58.54:454][  0]LogMemory: Process Physical Memory: 100.30 MB used, 100.30 MB peak
[2019.10.11-20.58.54:454][  0]LogMemory: Process Virtual Memory: 100.76 MB used, 100.76 MB peak
[2019.10.11-20.58.54:454][  0]LogMemory: Physical Memory: 5812.01 MB used,  2207.77 MB free, 8019.78 MB total
[2019.10.11-20.58.54:454][  0]LogMemory: Virtual Memory: 4680.05 MB used,  134213048.00 MB free, 134217728.00 MB total
[2019.10.11-20.58.54:458][  0]LogWindows: WindowsPlatformFeatures enabled
[2019.10.11-20.58.54:509][  0]LogInit: Using OS detected language (en-GB).
[2019.10.11-20.58.54:509][  0]LogInit: Using OS detected locale (en-GB).
[2019.10.11-20.58.54:511][  0]LogTextLocalizationManager: No specific localization for 'en-GB' exists, so the 'en' localization will be used.
[2019.10.11-20.58.54:888][  0]LogInit: Setting process to per monitor DPI aware
[2019.10.11-20.58.54:957][  0]LogSlate: New Slate User Created.  User Index 0, Is Virtual User: 0
[2019.10.11-20.58.54:957][  0]LogSlate: Slate User Registered.  User Index 0, Is Virtual User: 0
[2019.10.11-20.58.55:284][  0]LogHMD: Failed to initialize OpenVR with code 110
[2019.10.11-20.58.55:284][  0]LogD3D11RHI: D3D11 adapters:
[2019.10.11-20.58.55:392][  0]LogD3D11RHI:    0. 'NVIDIA GeForce GTX 960M' (Feature Level 11_0)
[2019.10.11-20.58.55:392][  0]LogD3D11RHI:       4055/0/4009 MB DedicatedVideo/DedicatedSystem/SharedSystem, Outputs:1, VendorId:0x10de
[2019.10.11-20.58.55:417][  0]LogD3D11RHI:    1. 'Intel(R) HD Graphics 530' (Feature Level 11_0)
[2019.10.11-20.58.55:417][  0]LogD3D11RHI:       128/0/4009 MB DedicatedVideo/DedicatedSystem/SharedSystem, Outputs:0, VendorId:0x8086
[2019.10.11-20.58.55:422][  0]LogD3D11RHI:    2. 'Microsoft Basic Render Driver' (Feature Level 11_0)
[2019.10.11-20.58.55:422][  0]LogD3D11RHI:       0/0/4009 MB DedicatedVideo/DedicatedSystem/SharedSystem, Outputs:0, VendorId:0x1414
[2019.10.11-20.58.55:422][  0]LogD3D11RHI: Chosen D3D11 Adapter: 0
[2019.10.11-20.58.55:494][  0]LogD3D11RHI: Creating new Direct3DDevice
[2019.10.11-20.58.55:495][  0]LogD3D11RHI:     GPU DeviceId: 0x139b (for the marketing name, search the web for "GPU Device Id")
[2019.10.11-20.58.55:495][  0]LogWindows: EnumDisplayDevices:
[2019.10.11-20.58.55:495][  0]LogWindows:    0. 'Intel(R) HD Graphics 530' (P:1 D:1)
[2019.10.11-20.58.55:496][  0]LogWindows:    1. 'Intel(R) HD Graphics 530' (P:0 D:0)
[2019.10.11-20.58.55:496][  0]LogWindows:    2. 'Intel(R) HD Graphics 530' (P:0 D:0)
[2019.10.11-20.58.55:497][  0]LogWindows: DebugString: PrimaryIsNotTheChoosenAdapter PrimaryIsNotTheChoosenAdapter PrimaryIsNotTheChoosenAdapter FoundDriverCount:0 
[2019.10.11-20.58.55:497][  0]LogD3D11RHI:     Adapter Name: NVIDIA GeForce GTX 960M
[2019.10.11-20.58.55:497][  0]LogD3D11RHI:   Driver Version: Unknown (internal:Unknown, unified:Unknown)
[2019.10.11-20.58.55:497][  0]LogD3D11RHI:      Driver Date: Unknown
[2019.10.11-20.58.55:497][  0]LogRHI: Texture pool is 2839 MB (70% of 4055 MB)
[2019.10.11-20.58.55:572][  0]LogD3D11RHI: Async texture creation enabled
[2019.10.11-20.58.55:588][  0]LogD3D11RHI: GPU Timing Frequency: 1000.000000 (Debug: 2 1)
[2019.10.11-20.58.56:142][  0]LogTemp: Display: Module 'AllDesktopTargetPlatform' loaded TargetPlatform 'AllDesktop'
[2019.10.11-20.58.56:154][  0]LogTemp: Display: Module 'MacClientTargetPlatform' loaded TargetPlatform 'MacClient'
[2019.10.11-20.58.56:167][  0]LogTemp: Display: Module 'MacNoEditorTargetPlatform' loaded TargetPlatform 'MacNoEditor'
[2019.10.11-20.58.56:177][  0]LogTemp: Display: Module 'MacServerTargetPlatform' loaded TargetPlatform 'MacServer'
[2019.10.11-20.58.56:190][  0]LogTemp: Display: Module 'MacTargetPlatform' loaded TargetPlatform 'Mac'
[2019.10.11-20.58.56:201][  0]LogTemp: Display: Module 'WindowsClientTargetPlatform' loaded TargetPlatform 'WindowsClient'
[2019.10.11-20.58.56:217][  0]LogTemp: Display: Module 'WindowsNoEditorTargetPlatform' loaded TargetPlatform 'WindowsNoEditor'
[2019.10.11-20.58.56:234][  0]LogTemp: Display: Module 'WindowsServerTargetPlatform' loaded TargetPlatform 'WindowsServer'
[2019.10.11-20.58.56:240][  0]LogTemp: Display: Module 'WindowsTargetPlatform' loaded TargetPlatform 'Windows'
[2019.10.11-20.58.56:301][  0]LogTemp: Display: Module 'AndroidTargetPlatform' loaded TargetPlatform 'Android'
[2019.10.11-20.58.56:301][  0]LogTemp: Display: Module 'AndroidTargetPlatform' loaded TargetPlatform 'Android_ASTC'
[2019.10.11-20.58.56:301][  0]LogTemp: Display: Module 'AndroidTargetPlatform' loaded TargetPlatform 'Android_ATC'
[2019.10.11-20.58.56:301][  0]LogTemp: Display: Module 'AndroidTargetPlatform' loaded TargetPlatform 'Android_DXT'
[2019.10.11-20.58.56:301][  0]LogTemp: Display: Module 'AndroidTargetPlatform' loaded TargetPlatform 'Android_ETC1'
[2019.10.11-20.58.56:301][  0]LogTemp: Display: Module 'AndroidTargetPlatform' loaded TargetPlatform 'Android_ETC1a'
[2019.10.11-20.58.56:301][  0]LogTemp: Display: Module 'AndroidTargetPlatform' loaded TargetPlatform 'Android_ETC2'
[2019.10.11-20.58.56:301][  0]LogTemp: Display: Module 'AndroidTargetPlatform' loaded TargetPlatform 'Android_PVRTC'
[2019.10.11-20.58.56:301][  0]LogTemp: Display: Module 'AndroidTargetPlatform' loaded TargetPlatform 'AndroidClient'
[2019.10.11-20.58.56:301][  0]LogTemp: Display: Module 'AndroidTargetPlatform' loaded TargetPlatform 'Android_ASTCClient'
[2019.10.11-20.58.56:301][  0]LogTemp: Display: Module 'AndroidTargetPlatform' loaded TargetPlatform 'Android_ATCClient'
[2019.10.11-20.58.56:301][  0]LogTemp: Display: Module 'AndroidTargetPlatform' loaded TargetPlatform 'Android_DXTClient'
[2019.10.11-20.58.56:301][  0]LogTemp: Display: Module 'AndroidTargetPlatform' loaded TargetPlatform 'Android_ETC1Client'
[2019.10.11-20.58.56:301][  0]LogTemp: Display: Module 'AndroidTargetPlatform' loaded TargetPlatform 'Android_ETC1aClient'
[2019.10.11-20.58.56:301][  0]LogTemp: Display: Module 'AndroidTargetPlatform' loaded TargetPlatform 'Android_ETC2Client'
[2019.10.11-20.58.56:301][  0]LogTemp: Display: Module 'AndroidTargetPlatform' loaded TargetPlatform 'Android_PVRTCClient'
[2019.10.11-20.58.56:301][  0]LogTemp: Display: Module 'AndroidTargetPlatform' loaded TargetPlatform 'Android_Multi'
[2019.10.11-20.58.56:301][  0]LogTemp: Display: Module 'AndroidTargetPlatform' loaded TargetPlatform 'Android_MultiClient'
[2019.10.11-20.58.56:307][  0]LogTemp: Display: Module 'HTML5TargetPlatform' loaded TargetPlatform 'HTML5'
[2019.10.11-20.58.56:339][  0]LogTemp: Display: Module 'IOSTargetPlatform' loaded TargetPlatform 'IOSClient'
[2019.10.11-20.58.56:339][  0]LogTemp: Display: Module 'IOSTargetPlatform' loaded TargetPlatform 'IOS'
[2019.10.11-20.58.56:363][  0]LogTemp: Display: Module 'TVOSTargetPlatform' loaded TargetPlatform 'TVOSClient'
[2019.10.11-20.58.56:363][  0]LogTemp: Display: Module 'TVOSTargetPlatform' loaded TargetPlatform 'TVOS'
[2019.10.11-20.58.56:378][  0]LogTemp: Display: Module 'LinuxClientTargetPlatform' loaded TargetPlatform 'LinuxClient'
[2019.10.11-20.58.56:389][  0]LogTemp: Display: Module 'LinuxNoEditorTargetPlatform' loaded TargetPlatform 'LinuxNoEditor'
[2019.10.11-20.58.56:399][  0]LogTemp: Display: Module 'LinuxServerTargetPlatform' loaded TargetPlatform 'LinuxServer'
[2019.10.11-20.58.56:410][  0]LogTemp: Display: Module 'LinuxTargetPlatform' loaded TargetPlatform 'Linux'
[2019.10.11-20.58.56:448][  0]LogTemp: Display: Module 'LuminTargetPlatform' loaded TargetPlatform 'Lumin'
[2019.10.11-20.58.56:448][  0]LogTemp: Display: Module 'LuminTargetPlatform' loaded TargetPlatform 'LuminClient'
[2019.10.11-20.58.56:448][  0]LogTargetPlatformManager: Display: Building Assets For Windows
[2019.10.11-20.58.56:465][  0]LogAudioDebug: Display: Lib vorbis DLL was dynamically loaded.
[2019.10.11-20.58.56:537][  0]LogShaderCompilers: Guid format shader working directory is 21 characters bigger than the processId version (../../../../UE4 Proj/HeroRush/Intermediate/Shaders/WorkingDirectory/24052/).
[2019.10.11-20.58.56:537][  0]LogShaderCompilers: Cleaned the shader compiler working directory 'C:/Users/Cristian_H/AppData/Local/Temp/UnrealShaderWorkingDir/3E83E72144A9BE03AA4B40A9D61498B3/'.
[2019.10.11-20.58.56:540][  0]LogXGEController: Cleaning working directory: C:/Users/Cristian_H/AppData/Local/Temp/UnrealXGEWorkingDir/
[2019.10.11-20.58.56:540][  0]LogXGEController: Cannot use XGE Controller as Incredibuild is not installed on this machine.
[2019.10.11-20.58.56:540][  0]LogShaderCompilers: Cannot use XGE Shader Compiler as Incredibuild is not installed on this machine.
[2019.10.11-20.58.56:540][  0]LogShaderCompilers: Display: Using Local Shader Compiler.
[2019.10.11-20.58.57:534][  0]LogDerivedDataCache: Display: Max Cache Size: 512 MB
[2019.10.11-20.58.57:654][  0]LogDerivedDataCache: Loaded boot cache 0.12s 73MB C:/Users/Cristian_H/AppData/Local/UnrealEngine/4.23/DerivedDataCache/Boot.ddc.
[2019.10.11-20.58.57:654][  0]LogDerivedDataCache: Display: Loaded Boot cache: C:/Users/Cristian_H/AppData/Local/UnrealEngine/4.23/DerivedDataCache/Boot.ddc
[2019.10.11-20.58.57:654][  0]LogDerivedDataCache: FDerivedDataBackendGraph:  Pak pak cache file ../../../../UE4 Proj/HeroRush/DerivedDataCache/DDC.ddp not found, will not use a pak cache.
[2019.10.11-20.58.57:654][  0]LogDerivedDataCache: Unable to find inner node Pak for hierarchical cache Hierarchy.
[2019.10.11-20.58.57:654][  0]LogDerivedDataCache: FDerivedDataBackendGraph:  CompressedPak pak cache file ../../../../UE4 Proj/HeroRush/DerivedDataCache/Compressed.ddp not found, will not use a pak cache.
[2019.10.11-20.58.57:654][  0]LogDerivedDataCache: Unable to find inner node CompressedPak for hierarchical cache Hierarchy.
[2019.10.11-20.58.57:671][  0]LogDerivedDataCache: Display: Pak cache opened for reading ../../../Engine/DerivedDataCache/Compressed.ddp.
[2019.10.11-20.58.57:671][  0]LogDerivedDataCache: FDerivedDataBackendGraph:  EnterprisePak pak cache file ../../../Enterprise/DerivedDataCache/Compressed.ddp not found, will not use a pak cache.
[2019.10.11-20.58.57:671][  0]LogDerivedDataCache: Unable to find inner node EnterprisePak for hierarchical cache Hierarchy.
[2019.10.11-20.58.57:674][  0]LogDerivedDataCache: Using Local data cache path C:/Users/Cristian_H/AppData/Local/UnrealEngine/Common/DerivedDataCache: Writable
[2019.10.11-20.58.57:675][  0]LogDerivedDataCache: Shared data cache path not found in *engine.ini, will not use an Shared cache.
[2019.10.11-20.58.57:675][  0]LogDerivedDataCache: Unable to find inner node Shared for hierarchical cache Hierarchy.
[2019.10.11-20.58.57:718][  0]LogMaterial: Verifying Global Shaders for PCD3D_SM5
[2019.10.11-20.58.57:721][  0]LogSlate: Using FreeType 2.6.0
[2019.10.11-20.58.57:722][  0]LogSlate: SlateFontServices - WITH_FREETYPE: 1, WITH_HARFBUZZ: 1
[2019.10.11-20.58.57:816][  0]LogAssetRegistry: FAssetRegistry took 0.0079 seconds to start up
[2019.10.11-20.58.58:338][  0]LogInit: Selected Device Profile: [Windows]
[2019.10.11-20.58.58:591][  0]LogMeshReduction: Using QuadricMeshReduction for automatic static mesh reduction
[2019.10.11-20.58.58:591][  0]LogMeshReduction: Using SimplygonMeshReduction for automatic skeletal mesh reduction
[2019.10.11-20.58.58:591][  0]LogMeshReduction: Using ProxyLODMeshReduction for automatic mesh merging
[2019.10.11-20.58.58:591][  0]LogMeshReduction: No distributed automatic mesh merging module available
[2019.10.11-20.58.58:591][  0]LogMeshMerging: No distributed automatic mesh merging module available
[2019.10.11-20.58.58:610][  0]LogNetVersion: HeroRush 1.0.0, NetCL: 8386587, EngineNetVer: 11, GameNetVer: 0 (Checksum: 1095394323)
[2019.10.11-20.58.59:441][  0]LogPackageLocalizationCache: Processed 12 localized package path(s) for 1 prioritized culture(s) in 0.162161 seconds
[2019.10.11-20.58.59:457][  0]LogUObjectArray: 43444 objects as part of root set at end of initial load.
[2019.10.11-20.58.59:457][  0]LogUObjectAllocator: 7548648 out of 0 bytes used by permanent object pool.
[2019.10.11-20.58.59:457][  0]LogUObjectArray: CloseDisregardForGC: 0/0 objects in disregard for GC pool
[2019.10.11-20.59.00:892][  0]LogTcpMessaging: Initializing TcpMessaging bridge
[2019.10.11-20.59.00:901][  0]LogUdpMessaging: Initializing bridge on interface 0.0.0.0:0 to multicast group 230.0.0.1:6666.
[2019.10.11-20.59.01:014][  0]SourceControl: Source control is disabled
[2019.10.11-20.59.01:014][  0]SourceControl: Source control is disabled
[2019.10.11-20.59.01:017][  0]SourceControl: Source control is disabled
[2019.10.11-20.59.01:022][  0]SourceControl: Source control is disabled
[2019.10.11-20.59.01:041][  0]LogVSAccessor: Display: Unable to create Visual Studio setup instance: 80040154
[2019.10.11-20.59.01:041][  0]LogVSAccessor: Display: Unable to create Visual Studio setup instance: 80040154
[2019.10.11-20.59.01:194][  0]LogAndroidPermission: UAndroidPermissionCallbackProxy::GetInstance
[2019.10.11-20.59.01:394][  0]LogOcInput: OculusInput pre-init called
[2019.10.11-20.59.01:406][  0]LogWindows: Failed to load 'OVRPlugin.dll' (GetLastError=126)
[2019.10.11-20.59.01:406][  0]LogWindows: File 'OVRPlugin.dll' does not exist
[2019.10.11-20.59.01:522][  0]LogEngine: Initializing Engine...
[2019.10.11-20.59.01:524][  0]LogHMD: Failed to initialize OpenVR with code 110
[2019.10.11-20.59.01:526][  0]LogStats: UGameplayTagsManager::InitializeManager -  0.000 s
[2019.10.11-20.59.01:951][  0]LogInit: Initializing FReadOnlyCVARCache
[2019.10.11-20.59.01:971][  0]LogAIModule: Creating AISystem for world Untitled
[2019.10.11-20.59.02:021][  0]LogInit: XAudio2 using 'Speakers (Realtek High Definition Audio)' : 2 channels at 48 kHz using 32 bits per sample (channel mask 0x3)
[2019.10.11-20.59.02:053][  0]LogInit: FAudioDevice initialized.
[2019.10.11-20.59.02:054][  0]LogNetVersion: Set ProjectVersion to 1.0.0.0. Version Checksum will be recalculated on next use.
[2019.10.11-20.59.02:202][  0]LogDerivedDataCache: Saved boot cache 0.15s 73MB C:/Users/Cristian_H/AppData/Local/UnrealEngine/4.23/DerivedDataCache/Boot.ddc.
[2019.10.11-20.59.02:209][  0]LogInit: Texture streaming: Enabled
[2019.10.11-20.59.02:237][  0]LogEngineSessionManager: EngineSessionManager initialized
[2019.10.11-20.59.02:357][  0]LogInit: Transaction tracking system initialized
[2019.10.11-20.59.02:404][  0]BlueprintLog: New page: Editor Load
[2019.10.11-20.59.02:526][  0]LocalizationService: Localization service is disabled
[2019.10.11-20.59.02:613][  0]LogLinker: Warning: Failed to load '/Game/ThirdPersonBP/ThirdPersonOverview': Can't find file.
[2019.10.11-20.59.02:613][  0]LogLinker: Warning: Failed to load '/Game/ThirdPersonBP/ThirdPersonOverview': Can't find file.
[2019.10.11-20.59.02:613][  0]LogUObjectGlobals: Warning: Failed to find object 'Class /Game/ThirdPersonBP/ThirdPersonOverview.ThirdPersonOverview_C'
[2019.10.11-20.59.02:646][  0]LogVSAccessor: Display: Unable to create Visual Studio setup instance: 80040154
[2019.10.11-20.59.02:647][  0]LogVSAccessor: Display: Unable to create Visual Studio setup instance: 80040154
[2019.10.11-20.59.02:918][  0]LogFileCache: Scanning file cache for directory 'D:/UE4 Proj/HeroRush/Content/' took 0.01s
[2019.10.11-20.59.02:918][  0]LogCook: Display: Max memory allowance for cook 16384mb min free memory 0mb
[2019.10.11-20.59.02:919][  0]LogCook: Display: Mobile HDR setting 1
[2019.10.11-20.59.03:227][  0]SourceControl: Source control is disabled
[2019.10.11-20.59.03:227][  0]Cmd: MAP LOAD FILE="../../../../UE4 Proj/HeroRush/Content/ThirdPersonBP/Maps/ThirdPersonExampleMap.umap" TEMPLATE=0 SHOWPROGRESS=1 FEATURELEVEL=3
[2019.10.11-20.59.03:229][  0]LightingResults: New page: Lighting Build
[2019.10.11-20.59.03:238][  0]LogWorld: UWorld::CleanupWorld for Untitled, bSessionEnded=true, bCleanupResources=true
[2019.10.11-20.59.03:239][  0]MapCheck: New page: Map Check
[2019.10.11-20.59.03:239][  0]LightingResults: New page: Lighting Build
[2019.10.11-20.59.03:279][  0]LogUObjectHash: Compacting FUObjectHashTables data took   3.17ms
[2019.10.11-20.59.04:400][  0]LogAIModule: Creating AISystem for world ThirdPersonExampleMap
[2019.10.11-20.59.04:467][  0]LogEditorServer: Finished looking for orphan Actors (0.000 secs)
[2019.10.11-20.59.04:513][  0]LogUObjectHash: Compacting FUObjectHashTables data took   3.52ms
[2019.10.11-20.59.04:514][  0]Cmd: MAP CHECKDEP NOCLEARLOG
[2019.10.11-20.59.04:514][  0]MapCheck: Map check complete: 0 Error(s), 0 Warning(s), took 0.137ms to complete.
[2019.10.11-20.59.04:514][  0]LogFileHelpers: Loading map 'ThirdPersonExampleMap' took 1.286
[2019.10.11-20.59.04:668][  0]LogSlate: Updating window title bar state: overlay mode, drag disabled, window buttons hidden, title bar hidden
[2019.10.11-20.59.04:679][  0]LogSlate: Updating window title bar state: overlay mode, drag disabled, window buttons hidden, title bar hidden
[2019.10.11-20.59.04:697][  0]LogSlate: Updating window title bar state: overlay mode, drag disabled, window buttons hidden, title bar hidden
[2019.10.11-20.59.04:712][  0]LogSlate: Updating window title bar state: overlay mode, drag disabled, window buttons hidden, title bar hidden
[2019.10.11-20.59.04:723][  0]LogCollectionManager: Loaded 0 collections in 0.002363 seconds
[2019.10.11-20.59.04:733][  0]LogFileCache: Scanning file cache for directory 'D:/UE4 Proj/HeroRush/Saved/Collections/' took 0.00s
[2019.10.11-20.59.04:733][  0]LogFileCache: Scanning file cache for directory 'D:/UE4 Proj/HeroRush/Content/Developers/CristianH/Collections/' took 0.00s
[2019.10.11-20.59.04:733][  0]LogFileCache: Scanning file cache for directory 'D:/UE4 Proj/HeroRush/Content/Collections/' took 0.00s
[2019.10.11-20.59.04:733][  0]LogCollectionManager: Rebuilt the GUID cache for 0 collections in 0.000003 seconds
[2019.10.11-20.59.04:749][  0]LogContentBrowser: Native class hierarchy populated in 0.0148 seconds. Added 2863 classes and 680 folders.
[2019.10.11-20.59.04:760][  0]LogContentBrowser: Native class hierarchy updated for 'WidgetCarousel' in 0.0007 seconds. Added 0 classes and 0 folders.
[2019.10.11-20.59.04:830][  0]LogContentBrowser: Native class hierarchy updated for 'AddContentDialog' in 0.0003 seconds. Added 0 classes and 0 folders.
[2019.10.11-20.59.04:841][  0]LogContentBrowser: Native class hierarchy updated for 'SceneOutliner' in 0.0005 seconds. Added 1 classes and 2 folders.
[2019.10.11-20.59.04:869][  0]LogSlate: Took 0.000795 seconds to synchronously load lazily loaded font '../../../Engine/Content/Slate/Fonts/Roboto-Regular.ttf' (155K)
[2019.10.11-20.59.04:876][  0]LogSlate: Took 0.001690 seconds to synchronously load lazily loaded font '../../../Engine/Content/Slate/Fonts/Roboto-Bold.ttf' (160K)
[2019.10.11-20.59.04:889][  0]LogSlate: Took 0.001383 seconds to synchronously load lazily loaded font '../../../Engine/Content/Editor/Slate/Fonts/FontAwesome.ttf' (139K)
[2019.10.11-20.59.04:991][  0]LogRenderer: Reallocating scene render targets to support 1208x572 Format 10 NumSamples 1 (Frame:1).
[2019.10.11-20.59.05:221][  0]LogContentBrowser: Native class hierarchy updated for 'HierarchicalLODOutliner' in 0.0004 seconds. Added 0 classes and 0 folders.
[2019.10.11-20.59.05:222][  0]LogLoad: (Engine Initialization) Total time: 12.80 seconds
[2019.10.11-20.59.05:222][  0]LogLoad: (Engine Initialization) Total Blueprint compile time: 0.00 seconds
[2019.10.11-20.59.05:240][  0]LogWindowsTextInputMethodSystem: Display: IME system now deactivated.
[2019.10.11-20.59.05:295][  0]LogContentStreaming: Texture pool size now 1000 MB
[2019.10.11-20.59.05:340][  0]LogSlate: Took 0.008114 seconds to synchronously load lazily loaded font '../../../Engine/Content/Slate/Fonts/Roboto-Light.ttf' (167K)
[2019.10.11-20.59.05:530][  3]LogAssetRegistry: Asset discovery search completed in 7.7179 seconds
[2019.10.11-20.59.05:536][  3]LogCollectionManager: Rebuilt the object cache for 0 collections in 0.000011 seconds (found 0 objects)
[2019.10.11-20.59.05:536][  3]LogCollectionManager: Fixed up redirectors for 0 collections in 0.000119 seconds (updated 0 objects)
[2019.10.11-20.59.08:023][146]LogSlate: FSceneViewport::OnFocusLost() reason 0
[2019.10.11-20.59.08:140][153]LogTemp: Repeating last play command: Selected Viewport
[2019.10.11-20.59.08:162][153]LogBlueprintUserMessages: Early PlayInEditor Detection: Level '/Game/ThirdPersonBP/Maps/ThirdPersonExampleMap.ThirdPersonExampleMap:PersistentLevel' has LevelScriptBlueprint '/Game/ThirdPersonBP/Maps/ThirdPersonExampleMap.ThirdPersonExampleMap:PersistentLevel.ThirdPersonExampleMap' with GeneratedClass '/Game/ThirdPersonBP/Maps/ThirdPersonExampleMap.ThirdPersonExampleMap_C' with ClassGeneratedBy '/Game/ThirdPersonBP/Maps/ThirdPersonExampleMap.ThirdPersonExampleMap:PersistentLevel.ThirdPersonExampleMap'
[2019.10.11-20.59.08:163][153]LogPlayLevel: PlayLevel: No blueprints needed recompiling
[2019.10.11-20.59.08:169][153]PIE: New page: PIE session: ThirdPersonExampleMap (11 Oct 2019 22:59:08)
[2019.10.11-20.59.08:171][153]LogOnline: OSS: Creating online subsystem instance for: NULL
[2019.10.11-20.59.08:175][153]LogPlayLevel: Creating play world package: /Game/ThirdPersonBP/Maps/UEDPIE_0_ThirdPersonExampleMap
[2019.10.11-20.59.08:206][153]LogPlayLevel: PIE: StaticDuplicateObject took: (0.030773s)
[2019.10.11-20.59.08:209][153]LogAIModule: Creating AISystem for world ThirdPersonExampleMap
[2019.10.11-20.59.08:209][153]LogPlayLevel: PIE: World Init took: (0.002831s)
[2019.10.11-20.59.08:209][153]LogPlayLevel: PIE: Created PIE world by copying editor world from /Game/ThirdPersonBP/Maps/ThirdPersonExampleMap.ThirdPersonExampleMap to /Game/ThirdPersonBP/Maps/UEDPIE_0_ThirdPersonExampleMap.ThirdPersonExampleMap (0.034665s)
[2019.10.11-20.59.08:246][153]LogUObjectHash: Compacting FUObjectHashTables data took   3.55ms
[2019.10.11-20.59.08:257][153]LogInit: XAudio2 using 'Speakers (Realtek High Definition Audio)' : 2 channels at 48 kHz using 32 bits per sample (channel mask 0x3)
[2019.10.11-20.59.08:283][153]LogInit: FAudioDevice initialized.
[2019.10.11-20.59.08:320][153]LogLoad: Game class is 'ThirdPersonGameMode_C'
[2019.10.11-20.59.08:327][153]LogWorld: Bringing World /Game/ThirdPersonBP/Maps/UEDPIE_0_ThirdPersonExampleMap.ThirdPersonExampleMap up for play (max tick rate 60) at 2019.10.11-21.59.08
[2019.10.11-20.59.08:333][153]LogWorld: Bringing up level for play took: 0.008572
[2019.10.11-20.59.08:334][153]LogOnline: OSS: Creating online subsystem instance for: :Context_2
[2019.10.11-20.59.08:357][153]LogContentBrowser: Native class hierarchy updated for 'MovieSceneCapture' in 0.0009 seconds. Added 20 classes and 0 folders.
[2019.10.11-20.59.08:358][153]PIE: Play in editor start time for /Game/ThirdPersonBP/Maps/UEDPIE_0_ThirdPersonExampleMap -0.007
[2019.10.11-20.59.08:358][153]LogBlueprintUserMessages: Late PlayInEditor Detection: Level '/Game/ThirdPersonBP/Maps/ThirdPersonExampleMap.ThirdPersonExampleMap:PersistentLevel' has LevelScriptBlueprint '/Game/ThirdPersonBP/Maps/ThirdPersonExampleMap.ThirdPersonExampleMap:PersistentLevel.ThirdPersonExampleMap' with GeneratedClass '/Game/ThirdPersonBP/Maps/ThirdPersonExampleMap.ThirdPersonExampleMap_C' with ClassGeneratedBy '/Game/ThirdPersonBP/Maps/ThirdPersonExampleMap.ThirdPersonExampleMap:PersistentLevel.ThirdPersonExampleMap'
[2019.10.11-20.59.12:906][421]LogBlueprintUserMessages: Early EndPlayMap Detection: Level '/Game/ThirdPersonBP/Maps/ThirdPersonExampleMap.ThirdPersonExampleMap:PersistentLevel' has LevelScriptBlueprint '/Game/ThirdPersonBP/Maps/ThirdPersonExampleMap.ThirdPersonExampleMap:PersistentLevel.ThirdPersonExampleMap' with GeneratedClass '/Game/ThirdPersonBP/Maps/ThirdPersonExampleMap.ThirdPersonExampleMap_C' with ClassGeneratedBy '/Game/ThirdPersonBP/Maps/ThirdPersonExampleMap.ThirdPersonExampleMap:PersistentLevel.ThirdPersonExampleMap'
[2019.10.11-20.59.12:913][421]LogSlate: Updating window title bar state: overlay mode, drag disabled, window buttons hidden, title bar hidden
[2019.10.11-20.59.12:914][421]LogWorld: BeginTearingDown for /Game/ThirdPersonBP/Maps/UEDPIE_0_ThirdPersonExampleMap
[2019.10.11-20.59.12:914][421]LogWorld: UWorld::CleanupWorld for ThirdPersonExampleMap, bSessionEnded=true, bCleanupResources=true
[2019.10.11-20.59.12:934][421]LogPlayLevel: Display: Shutting down PIE online subsystems
[2019.10.11-20.59.12:935][421]LogBlueprintUserMessages: Late EndPlayMap Detection: Level '/Game/ThirdPersonBP/Maps/ThirdPersonExampleMap.ThirdPersonExampleMap:PersistentLevel' has LevelScriptBlueprint '/Game/ThirdPersonBP/Maps/ThirdPersonExampleMap.ThirdPersonExampleMap:PersistentLevel.ThirdPersonExampleMap' with GeneratedClass '/Game/ThirdPersonBP/Maps/ThirdPersonExampleMap.ThirdPersonExampleMap_C' with ClassGeneratedBy '/Game/ThirdPersonBP/Maps/ThirdPersonExampleMap.ThirdPersonExampleMap:PersistentLevel.ThirdPersonExampleMap'
[2019.10.11-20.59.12:985][421]LogSlate: Updating window title bar state: overlay mode, drag disabled, window buttons hidden, title bar hidden
[2019.10.11-20.59.12:993][421]LogUObjectHash: Compacting FUObjectHashTables data took   4.64ms
[2019.10.11-20.59.13:031][422]LogPlayLevel: Display: Destroying online subsystem :Context_2
[2019.10.11-20.59.14:687][520]LogSlate: FSceneViewport::OnFocusLost() reason 0
[2019.10.11-20.59.14:785][524]LogUObjectHash: Compacting FUObjectHashTables data took   0.81ms
[2019.10.11-20.59.14:878][524]LogSlate: Window 'HeroRush - Unreal Editor' being destroyed
[2019.10.11-20.59.14:879][524]LogWindowsTextInputMethodSystem: Display: IME system now deactivated.
[2019.10.11-20.59.15:028][525]Cmd: QUIT_EDITOR
[2019.10.11-20.59.15:469][525]LogExit: Preparing to exit.
[2019.10.11-20.59.15:932][525]LogWorld: UWorld::CleanupWorld for World_0, bSessionEnded=true, bCleanupResources=true
[2019.10.11-20.59.15:966][525]LogWorld: UWorld::CleanupWorld for None, bSessionEnded=true, bCleanupResources=true
[2019.10.11-20.59.15:966][525]LogExit: Editor shut down
[2019.10.11-20.59.15:967][525]LogExit: Transaction tracking system shut down
[2019.10.11-20.59.15:969][525]LogDemo: Cleaned up 0 splitscreen connections with owner deletion
[2019.10.11-20.59.16:289][525]LogExit: Object subsystem successfully closed.
[2019.10.11-20.59.16:327][525]LogShaderCompilers: Display: Shaders left to compile 0
[2019.10.11-20.59.16:342][525]LogModuleManager: Shutting down and abandoning module MovieSceneCapture (672)
[2019.10.11-20.59.16:343][525]LogModuleManager: Shutting down and abandoning module Voice (670)
[2019.10.11-20.59.16:343][525]LogModuleManager: Shutting down and abandoning module HierarchicalLODOutliner (668)
[2019.10.11-20.59.16:343][525]LogModuleManager: Shutting down and abandoning module SceneOutliner (666)
[2019.10.11-20.59.16:343][525]LogModuleManager: Shutting down and abandoning module AddContentDialog (664)
[2019.10.11-20.59.16:344][525]LogModuleManager: Shutting down and abandoning module WidgetCarousel (663)
[2019.10.11-20.59.16:344][525]LogModuleManager: Shutting down and abandoning module EditorWidgets (660)
[2019.10.11-20.59.16:344][525]LogModuleManager: Shutting down and abandoning module CollectionManager (658)
[2019.10.11-20.59.16:344][525]LogModuleManager: Shutting down and abandoning module StatsViewer (656)
[2019.10.11-20.59.16:345][525]LogModuleManager: Shutting down and abandoning module VirtualTexturingEditor (654)
[2019.10.11-20.59.16:345][525]LogModuleManager: Shutting down and abandoning module FoliageEdit (652)
[2019.10.11-20.59.16:345][525]LogModuleManager: Shutting down and abandoning module LandscapeEditor (650)
[2019.10.11-20.59.16:345][525]LogModuleManager: Shutting down and abandoning module MeshPaintMode (648)
[2019.10.11-20.59.16:345][525]LogModuleManager: Shutting down and abandoning module SceneDepthPickerMode (646)
[2019.10.11-20.59.16:345][525]LogModuleManager: Shutting down and abandoning module ActorPickerMode (644)
[2019.10.11-20.59.16:345][525]LogModuleManager: Shutting down and abandoning module GeometryMode (642)
[2019.10.11-20.59.16:345][525]LogModuleManager: Shutting down and abandoning module TextureAlignMode (640)
[2019.10.11-20.59.16:345][525]LogModuleManager: Shutting down and abandoning module BspMode (638)
[2019.10.11-20.59.16:345][525]LogModuleManager: Shutting down and abandoning module PIEPreviewDeviceProfileSelector (636)
[2019.10.11-20.59.16:346][525]LogModuleManager: Shutting down and abandoning module SequenceRecorderSections (634)
[2019.10.11-20.59.16:346][525]LogModuleManager: Shutting down and abandoning module AutomationWorker (632)
[2019.10.11-20.59.16:346][525]LogModuleManager: Shutting down and abandoning module OculusMR (630)
[2019.10.11-20.59.16:346][525]LogModuleManager: Shutting down and abandoning module AudioCaptureEditor (628)
[2019.10.11-20.59.16:346][525]LogModuleManager: Shutting down and abandoning module MatineeToLevelSequence (626)
[2019.10.11-20.59.16:346][525]LogModuleManager: Shutting down and abandoning module LevelSequenceEditor (624)
[2019.10.11-20.59.16:346][525]LogModuleManager: Shutting down and abandoning module PlacementMode (623)
[2019.10.11-20.59.16:346][525]LogModuleManager: Shutting down and abandoning module MaterialEditor (622)
[2019.10.11-20.59.16:346][525]LogModuleManager: Shutting down and abandoning module ActorSequenceEditor (618)
[2019.10.11-20.59.16:346][525]LogModuleManager: Shutting down and abandoning module WmfMediaFactory (616)
[2019.10.11-20.59.16:346][525]LogModuleManager: Shutting down and abandoning module WmfMediaEditor (614)
[2019.10.11-20.59.16:346][525]LogModuleManager: Shutting down and abandoning module WebMMediaFactory (612)
[2019.10.11-20.59.16:346][525]LogModuleManager: Shutting down and abandoning module WebMMediaEditor (610)
[2019.10.11-20.59.16:346][525]LogModuleManager: Shutting down and abandoning module WebMMedia (608)
[2019.10.11-20.59.16:346][525]LogModuleManager: Shutting down and abandoning module MediaPlayerEditor (606)
[2019.10.11-20.59.16:346][525]LogModuleManager: Shutting down and abandoning module MediaCompositingEditor (604)
[2019.10.11-20.59.16:346][525]LogModuleManager: Shutting down and abandoning module SequenceRecorder (603)
[2019.10.11-20.59.16:346][525]LogModuleManager: Shutting down and abandoning module OpenExrWrapper (600)
[2019.10.11-20.59.16:346][525]LogModuleManager: Shutting down and abandoning module ImgMediaFactory (598)
[2019.10.11-20.59.16:346][525]LogModuleManager: Shutting down and abandoning module ImgMediaEditor (596)
[2019.10.11-20.59.16:346][525]LogModuleManager: Shutting down and abandoning module AvfMediaFactory (594)
[2019.10.11-20.59.16:346][525]LogModuleManager: Shutting down and abandoning module AvfMediaEditor (592)
[2019.10.11-20.59.16:346][525]LogModuleManager: Shutting down and abandoning module AndroidMediaFactory (590)
[2019.10.11-20.59.16:346][525]LogModuleManager: Shutting down and abandoning module AndroidMediaEditor (588)
[2019.10.11-20.59.16:346][525]LogModuleManager: Shutting down and abandoning module MagicLeapCameraPreviewFactory (586)
[2019.10.11-20.59.16:346][525]LogModuleManager: Shutting down and abandoning module MagicLeapMediaCodecFactory (584)
[2019.10.11-20.59.16:346][525]LogModuleManager: Shutting down and abandoning module MagicLeapMediaFactory (582)
[2019.10.11-20.59.16:346][525]LogModuleManager: Shutting down and abandoning module MagicLeapMediaEditor (580)
[2019.10.11-20.59.16:346][525]LogModuleManager: Shutting down and abandoning module CharacterAI (578)
[2019.10.11-20.59.16:346][525]LogModuleManager: Shutting down and abandoning module SmartSnapping (576)
[2019.10.11-20.59.16:346][525]LogModuleManager: Shutting down and abandoning module SessionServices (574)
[2019.10.11-20.59.16:346][525]LogModuleManager: Shutting down and abandoning module MeshPaint (572)
[2019.10.11-20.59.16:346][525]LogModuleManager: Shutting down and abandoning module ViewportSnapping (570)
[2019.10.11-20.59.16:346][525]LogModuleManager: Shutting down and abandoning module ViewportInteraction (568)
[2019.10.11-20.59.16:346][525]LogModuleManager: Shutting down and abandoning module ClothPainter (566)
[2019.10.11-20.59.16:346][525]LogModuleManager: Shutting down and abandoning module SkeletalMeshEditor (565)
[2019.10.11-20.59.16:346][525]LogModuleManager: Shutting down and abandoning module LogVisualizer (562)
[2019.10.11-20.59.16:347][525]LogModuleManager: Shutting down and abandoning module IntroTutorials (560)
[2019.10.11-20.59.16:347][525]LogModuleManager: Shutting down and abandoning module GameProjectGeneration (559)
[2019.10.11-20.59.16:347][525]LogModuleManager: Shutting down and abandoning module LuminPlatformEditor (556)
[2019.10.11-20.59.16:347][525]LogModuleManager: Shutting down and abandoning module IOSPlatformEditor (554)
[2019.10.11-20.59.16:347][525]LogModuleManager: Shutting down and abandoning module HTML5PlatformEditor (552)
[2019.10.11-20.59.16:347][525]LogModuleManager: Shutting down and abandoning module AndroidPlatformEditor (550)
[2019.10.11-20.59.16:347][525]LogModuleManager: Shutting down and abandoning module AndroidDeviceDetection (549)
[2019.10.11-20.59.16:612][525]LogModuleManager: Shutting down and abandoning module WindowsPlatformEditor (546)
[2019.10.11-20.59.16:612][525]LogModuleManager: Shutting down and abandoning module LuminRuntimeSettings (544)
[2019.10.11-20.59.16:612][525]LogModuleManager: Shutting down and abandoning module IOSRuntimeSettings (542)
[2019.10.11-20.59.16:612][525]LogModuleManager: Shutting down and abandoning module AndroidRuntimeSettings (540)
[2019.10.11-20.59.16:612][525]LogModuleManager: Shutting down and abandoning module TimeManagementEditor (538)
[2019.10.11-20.59.16:612][525]LogModuleManager: Shutting down and abandoning module InputBindingEditor (536)
[2019.10.11-20.59.16:612][525]LogModuleManager: Shutting down and abandoning module MergeActors (534)
[2019.10.11-20.59.16:612][525]LogModuleManager: Shutting down and abandoning module LocalizationDashboard (532)
[2019.10.11-20.59.16:612][525]LogModuleManager: Shutting down and abandoning module LocalizationService (531)
[2019.10.11-20.59.16:612][525]LogModuleManager: Shutting down and abandoning module HardwareTargeting (528)
[2019.10.11-20.59.16:612][525]LogModuleManager: Shutting down and abandoning module DeviceProfileEditor (526)
[2019.10.11-20.59.16:612][525]LogModuleManager: Shutting down and abandoning module UndoHistory (524)
[2019.10.11-20.59.16:612][525]LogModuleManager: Shutting down and abandoning module XmlParser (522)
[2019.10.11-20.59.16:612][525]LogModuleManager: Shutting down and abandoning module Blutility (520)
[2019.10.11-20.59.16:612][525]LogModuleManager: Shutting down and abandoning module ProjectSettingsViewer (518)
[2019.10.11-20.59.16:613][525]LogModuleManager: Shutting down and abandoning module ProjectTargetPlatformEditor (517)
[2019.10.11-20.59.16:613][525]LogModuleManager: Shutting down and abandoning module EditorSettingsViewer (514)
[2019.10.11-20.59.16:613][525]LogModuleManager: Shutting down and abandoning module SettingsEditor (512)
[2019.10.11-20.59.16:613][525]LogModuleManager: Shutting down and abandoning module ProjectLauncher (510)
[2019.10.11-20.59.16:613][525]LogModuleManager: Shutting down and abandoning module SessionFrontend (508)
[2019.10.11-20.59.16:613][525]LogModuleManager: Shutting down and abandoning module ProfilerClient (506)
[2019.10.11-20.59.16:613][525]LogModuleManager: Shutting down and abandoning module DeviceManager (504)
[2019.10.11-20.59.16:613][525]LogModuleManager: Shutting down and abandoning module TargetDeviceServices (503)
[2019.10.11-20.59.16:668][525]LogModuleManager: Shutting down and abandoning module AutomationController (500)
[2019.10.11-20.59.16:668][525]LogModuleManager: Shutting down and abandoning module AutomationWindow (498)
[2019.10.11-20.59.16:668][525]LogModuleManager: Shutting down and abandoning module Layers (496)
[2019.10.11-20.59.16:668][525]LogModuleManager: Shutting down and abandoning module ComponentVisualizers (494)
[2019.10.11-20.59.16:668][525]LogModuleManager: Shutting down and abandoning module DetailCustomizations (492)
[2019.10.11-20.59.16:669][525]LogModuleManager: Shutting down and abandoning module PackagesDialog (490)
[2019.10.11-20.59.16:669][525]LogModuleManager: Shutting down and abandoning module AnimationBlueprintEditor (488)
[2019.10.11-20.59.16:669][525]LogModuleManager: Shutting down and abandoning module Persona (486)
[2019.10.11-20.59.16:669][525]LogModuleManager: Shutting down and abandoning module AdvancedPreviewScene (485)
[2019.10.11-20.59.16:669][525]LogModuleManager: Shutting down and abandoning module AnimGraph (483)
[2019.10.11-20.59.16:669][525]LogModuleManager: Shutting down and abandoning module Kismet (480)
[2019.10.11-20.59.16:670][525]LogModuleManager: Shutting down and abandoning module KismetWidgets (479)
[2019.10.11-20.59.16:670][525]LogModuleManager: Shutting down and abandoning module GraphEditor (476)
[2019.10.11-20.59.16:670][525]LogModuleManager: Shutting down and abandoning module StructViewer (474)
[2019.10.11-20.59.16:670][525]LogModuleManager: Shutting down and abandoning module ClassViewer (472)
[2019.10.11-20.59.16:670][525]LogModuleManager: Shutting down and abandoning module Toolbox (470)
[2019.10.11-20.59.16:670][525]LogModuleManager: Shutting down and abandoning module ModuleUI (468)
[2019.10.11-20.59.16:670][525]LogModuleManager: Shutting down and abandoning module MovieSceneTools (466)
[2019.10.11-20.59.16:670][525]LogModuleManager: Shutting down and abandoning module OutputLog (464)
[2019.10.11-20.59.16:670][525]LogModuleManager: Shutting down and abandoning module GammaUI (462)
[2019.10.11-20.59.16:670][525]LogModuleManager: Shutting down and abandoning module Documentation (460)
[2019.10.11-20.59.16:670][525]LogModuleManager: Shutting down and abandoning module LiveCoding (458)
[2019.10.11-20.59.16:671][525]LogModuleManager: Shutting down and abandoning module LevelSequence (456)
[2019.10.11-20.59.16:671][525]LogModuleManager: Shutting down and abandoning module MovieSceneTracks (454)
[2019.10.11-20.59.16:671][525]LogModuleManager: Shutting down and abandoning module MovieScene (452)
[2019.10.11-20.59.16:671][525]LogModuleManager: Shutting down and abandoning module StreamingPauseRendering (450)
[2019.10.11-20.59.16:671][525]LogModuleManager: Shutting down and abandoning module LauncherPlatform (448)
[2019.10.11-20.59.16:671][525]LogModuleManager: Shutting down and abandoning module AnalyticsET (446)
[2019.10.11-20.59.16:671][525]LogModuleManager: Shutting down and abandoning module PortalServices (444)
[2019.10.11-20.59.16:671][525]LogModuleManager: Shutting down and abandoning module PortalRpc (442)
[2019.10.11-20.59.16:671][525]LogModuleManager: Shutting down and abandoning module MessagingRpc (440)
[2019.10.11-20.59.16:671][525]LogModuleManager: Shutting down and abandoning module AIModule (438)
[2019.10.11-20.59.16:671][525]LogModuleManager: Shutting down and abandoning module GameplayDebugger (437)
[2019.10.11-20.59.16:671][525]LogModuleManager: Shutting down and abandoning module AITestSuite (435)
[2019.10.11-20.59.16:671][525]LogModuleManager: Shutting down and abandoning module NavigationSystem (433)
[2019.10.11-20.59.16:671][525]LogModuleManager: Shutting down and abandoning module DesktopPlatform (430)
[2019.10.11-20.59.16:671][525]LogModuleManager: Shutting down and abandoning module ImageWriteQueue (428)
[2019.10.11-20.59.16:682][525]LogModuleManager: Shutting down and abandoning module ProfilerService (426)
[2019.10.11-20.59.16:712][525]LogModuleManager: Shutting down and abandoning module TaskGraph (424)
[2019.10.11-20.59.16:712][525]LogModuleManager: Shutting down and abandoning module ScreenshotTools (422)
[2019.10.11-20.59.16:713][525]LogModuleManager: Shutting down and abandoning module SteamVRController (420)
[2019.10.11-20.59.16:713][525]LogModuleManager: Shutting down and abandoning module ProceduralMeshComponentEditor (418)
[2019.10.11-20.59.16:713][525]LogModuleManager: Shutting down and abandoning module ProceduralMeshComponent (416)
[2019.10.11-20.59.16:713][525]LogModuleManager: Shutting down and abandoning module OculusEditor (414)
[2019.10.11-20.59.16:713][525]LogModuleManager: Shutting down and abandoning module OculusInput (412)
[2019.10.11-20.59.16:713][525]LogModuleManager: Shutting down and abandoning module MobilePatchingUtils (410)
[2019.10.11-20.59.16:713][525]LogModuleManager: Shutting down and abandoning module EditableMesh (408)
[2019.10.11-20.59.16:713][525]LogModuleManager: Shutting down and abandoning module CustomMeshComponent (406)
[2019.10.11-20.59.16:713][525]LogModuleManager: Shutting down and abandoning module CableComponent (404)
[2019.10.11-20.59.16:713][525]LogModuleManager: Shutting down and abandoning module AudioCapture (402)
[2019.10.11-20.59.16:713][525]LogModuleManager: Shutting down and abandoning module ArchVisCharacter (400)
[2019.10.11-20.59.16:713][525]LogModuleManager: Shutting down and abandoning module AppleImageUtilsBlueprintSupport (398)
[2019.10.11-20.59.16:713][525]LogModuleManager: Shutting down and abandoning module AppleImageUtils (396)
[2019.10.11-20.59.16:713][525]LogModuleManager: Shutting down and abandoning module AndroidPermission (394)
[2019.10.11-20.59.16:713][525]LogModuleManager: Shutting down and abandoning module NUTUnrealEngine4 (392)
[2019.10.11-20.59.16:713][525]LogModuleManager: Shutting down and abandoning module NetcodeUnitTest (390)
[2019.10.11-20.59.16:713][525]LogModuleManager: Shutting down and abandoning module MediaCompositing (388)
[2019.10.11-20.59.16:713][525]LogModuleManager: Shutting down and abandoning module ImgMedia (386)
[2019.10.11-20.59.16:713][525]LogModuleManager: Shutting down and abandoning module MagicLeapHelperVulkan (384)
[2019.10.11-20.59.16:713][525]LogModuleManager: Shutting down and abandoning module MagicLeapHelperOpenGL (382)
[2019.10.11-20.59.16:713][525]LogModuleManager: Shutting down and abandoning module MagicLeapAudio (380)
[2019.10.11-20.59.16:713][525]LogModuleManager: Shutting down and abandoning module HTML5Networking (378)
[2019.10.11-20.59.16:713][525]LogModuleManager: Shutting down and abandoning module GeometryCacheTracks (376)
[2019.10.11-20.59.16:713][525]LogModuleManager: Shutting down and abandoning module GeometryCacheSequencer (374)
[2019.10.11-20.59.16:713][525]LogModuleManager: Shutting down and abandoning module BackChannel (372)
[2019.10.11-20.59.16:713][525]LogModuleManager: Shutting down and abandoning module AutomationUtilsEditor (370)
[2019.10.11-20.59.16:713][525]LogModuleManager: Shutting down and abandoning module AutomationUtils (368)
[2019.10.11-20.59.16:713][525]LogModuleManager: Shutting down and abandoning module AlembicImporter (366)
[2019.10.11-20.59.16:713][525]LogModuleManager: Shutting down and abandoning module AlembicLibrary (365)
[2019.10.11-20.59.16:713][525]LogModuleManager: Shutting down and abandoning module GeometryCache (364)
[2019.10.11-20.59.16:713][525]LogModuleManager: Shutting down and abandoning module GeometryCacheEd (363)
[2019.10.11-20.59.16:713][525]LogModuleManager: Shutting down and abandoning module VariantManagerContent (358)
[2019.10.11-20.59.16:713][525]LogModuleManager: Shutting down and abandoning module DatasmithContentEditor (356)
[2019.10.11-20.59.16:713][525]LogModuleManager: Shutting down and abandoning module SpeedTreeImporter (354)
[2019.10.11-20.59.16:713][525]LogModuleManager: Shutting down and abandoning module PluginBrowser (352)
[2019.10.11-20.59.16:714][525]LogModuleManager: Shutting down and abandoning module MobileLauncherProfileWizard (350)
[2019.10.11-20.59.16:714][525]LogModuleManager: Shutting down and abandoning module MaterialAnalyzer (348)
[2019.10.11-20.59.16:714][525]LogModuleManager: Shutting down and abandoning module CurveEditorTools (346)
[2019.10.11-20.59.16:714][525]LogModuleManager: Shutting down and abandoning module CurveEditor (345)
[2019.10.11-20.59.16:714][525]LogModuleManager: Shutting down and abandoning module CryptoKeysOpenSSL (342)
[2019.10.11-20.59.16:714][525]LogModuleManager: Shutting down and abandoning module CryptoKeys (340)
[2019.10.11-20.59.16:714][525]LogModuleManager: Shutting down and abandoning module VisualStudioSourceCodeAccess (338)
[2019.10.11-20.59.16:714][525]LogModuleManager: Shutting down and abandoning module VisualStudioCodeSourceCodeAccess (336)
[2019.10.11-20.59.16:714][525]LogModuleManager: Shutting down and abandoning module UObjectPlugin (334)
[2019.10.11-20.59.16:714][525]LogModuleManager: Shutting down and abandoning module SubversionSourceControl (332)
[2019.10.11-20.59.16:714][525]LogModuleManager: Shutting down and abandoning module PerforceSourceControl (330)
[2019.10.11-20.59.16:714][525]LogModuleManager: Shutting down and abandoning module GitSourceControl (328)
[2019.10.11-20.59.16:714][525]LogModuleManager: Shutting down and abandoning module SourceControl (327)
[2019.10.11-20.59.16:715][525]LogModuleManager: Shutting down and abandoning module CLionSourceCodeAccess (324)
[2019.10.11-20.59.16:715][525]LogModuleManager: Shutting down and abandoning module AnimationSharingEd (322)
[2019.10.11-20.59.16:715][525]LogModuleManager: Shutting down and abandoning module ActorLayerUtilitiesEditor (320)
[2019.10.11-20.59.16:715][525]LogModuleManager: Shutting down and abandoning module ActorLayerUtilities (318)
[2019.10.11-20.59.16:715][525]LogModuleManager: Shutting down and abandoning module LightPropagationVolumeEditor (316)
[2019.10.11-20.59.16:715][525]LogModuleManager: Shutting down and abandoning module PaperTiledImporter (314)
[2019.10.11-20.59.16:715][525]LogModuleManager: Shutting down and abandoning module PaperSpriteSheetImporter (312)
[2019.10.11-20.59.16:715][525]LogModuleManager: Shutting down and abandoning module Paper2DEditor (310)
[2019.10.11-20.59.16:715][525]LogModuleManager: Shutting down and abandoning module SignificanceManager (308)
[2019.10.11-20.59.16:715][525]LogModuleManager: Shutting down and abandoning module RuntimePhysXCooking (306)
[2019.10.11-20.59.16:715][525]LogModuleManager: Shutting down and abandoning module PhysXVehiclesEditor (304)
[2019.10.11-20.59.16:715][525]LogModuleManager: Shutting down and abandoning module LocationServicesBPLibrary (300)
[2019.10.11-20.59.16:715][525]LogModuleManager: Shutting down and abandoning module ActorSequence (298)
[2019.10.11-20.59.16:715][525]LogModuleManager: Shutting down and abandoning module UdpMessaging (296)
[2019.10.11-20.59.16:817][525]LogModuleManager: Shutting down and abandoning module TcpMessaging (294)
[2019.10.11-20.59.16:919][525]LogModuleManager: Shutting down and abandoning module MagicLeapIdentity (292)
[2019.10.11-20.59.16:919][525]LogModuleManager: Shutting down and abandoning module MagicLeapSecureStorage (290)
[2019.10.11-20.59.16:919][525]LogModuleManager: Shutting down and abandoning module MagicLeapHandTracking (288)
[2019.10.11-20.59.16:919][525]LogModuleManager: Shutting down and abandoning module MagicLeapEyeTracker (286)
[2019.10.11-20.59.16:919][525]LogModuleManager: Shutting down and abandoning module MagicLeapController (284)
[2019.10.11-20.59.16:919][525]LogSlate: Slate User Destroyed.  User Index 0, Is Virtual User: 0
[2019.10.11-20.59.16:919][525]LogModuleManager: Shutting down and abandoning module MagicLeapAR (282)
[2019.10.11-20.59.16:919][525]LogModuleManager: Shutting down and abandoning module AugmentedReality (281)
[2019.10.11-20.59.16:919][525]LogModuleManager: Shutting down and abandoning module GameplayTagsEditor (278)
[2019.10.11-20.59.16:919][525]LogModuleManager: Shutting down and abandoning module FacialAnimationEditor (276)
[2019.10.11-20.59.16:919][525]LogModuleManager: Shutting down and abandoning module FacialAnimation (274)
[2019.10.11-20.59.16:919][525]LogModuleManager: Shutting down and abandoning module DataValidation (272)
[2019.10.11-20.59.16:919][525]LogModuleManager: Shutting down and abandoning module AssetManagerEditor (270)
[2019.10.11-20.59.16:920][525]LogModuleManager: Shutting down and abandoning module LevelEditor (269)
[2019.10.11-20.59.16:921][525]LogModuleManager: Shutting down and abandoning module PixelInspectorModule (268)
[2019.10.11-20.59.16:921][525]LogModuleManager: Shutting down and abandoning module CommonMenuExtensions (266)
[2019.10.11-20.59.16:921][525]LogModuleManager: Shutting down and abandoning module MainFrame (264)
[2019.10.11-20.59.16:921][525]LogModuleManager: Shutting down and abandoning module HotReload (263)
[2019.10.11-20.59.16:922][525]LogModuleManager: Shutting down and abandoning module ContentBrowser (259)
[2019.10.11-20.59.16:923][525]LogModuleManager: Shutting down and abandoning module TreeMap (257)
[2019.10.11-20.59.16:923][525]LogModuleManager: Shutting down and abandoning module AnimationSharing (254)
[2019.10.11-20.59.16:923][525]LogModuleManager: Shutting down and abandoning module LightPropagationVolumeRuntime (252)
[2019.10.11-20.59.16:923][525]LogModuleManager: Shutting down and abandoning module Paper2D (250)
[2019.10.11-20.59.16:923][525]LogModuleManager: Shutting down and abandoning module WindowsMoviePlayer (248)
[2019.10.11-20.59.16:923][525]LogModuleManager: Shutting down and abandoning module WebMMoviePlayer (246)
[2019.10.11-20.59.16:923][525]LogModuleManager: Shutting down and abandoning module NetworkReplayStreaming (244)
[2019.10.11-20.59.16:923][525]LogModuleManager: Shutting down and abandoning module PacketHandler (242)
[2019.10.11-20.59.16:923][525]LogModuleManager: Shutting down and abandoning module ClothingSystemEditor (240)
[2019.10.11-20.59.16:923][525]LogModuleManager: Shutting down and abandoning module ClothingSystemRuntime (238)
[2019.10.11-20.59.16:923][525]LogModuleManager: Shutting down and abandoning module MediaAssets (236)
[2019.10.11-20.59.16:923][525]LogModuleManager: Shutting down and abandoning module Overlay (234)
[2019.10.11-20.59.16:923][525]LogModuleManager: Shutting down and abandoning module OverlayEditor (233)
[2019.10.11-20.59.16:923][525]LogModuleManager: Shutting down and abandoning module VREditor (230)
[2019.10.11-20.59.16:923][525]LogModuleManager: Shutting down and abandoning module StringTableEditor (228)
[2019.10.11-20.59.16:923][525]LogModuleManager: Shutting down and abandoning module GameplayTasksEditor (226)
[2019.10.11-20.59.16:924][525]LogModuleManager: Shutting down and abandoning module BehaviorTreeEditor (224)
[2019.10.11-20.59.16:924][525]LogModuleManager: Shutting down and abandoning module FunctionalTesting (222)
[2019.10.11-20.59.16:924][525]LogModuleManager: Shutting down and abandoning module CollisionAnalyzer (220)
[2019.10.11-20.59.16:924][525]LogModuleManager: Shutting down and abandoning module WorkspaceMenuStructure (219)
[2019.10.11-20.59.16:924][525]LogModuleManager: Shutting down and abandoning module UMG (216)
[2019.10.11-20.59.16:924][525]LogModuleManager: Shutting down and abandoning module UMGEditor (215)
[2019.10.11-20.59.16:924][525]LogModuleManager: Shutting down and abandoning module Sequencer (214)
[2019.10.11-20.59.16:924][525]LogModuleManager: Shutting down and abandoning module MessageLog (211)
[2019.10.11-20.59.16:924][525]LogModuleManager: Shutting down and abandoning module SlateReflector (206)
[2019.10.11-20.59.16:924][525]LogModuleManager: Shutting down and abandoning module Slate (204)
[2019.10.11-20.59.16:924][525]LogModuleManager: Shutting down and abandoning module LandscapeEditorUtilities (202)
[2019.10.11-20.59.16:924][525]LogModuleManager: Shutting down and abandoning module EditorStyle (200)
[2019.10.11-20.59.16:927][525]LogModuleManager: Shutting down and abandoning module UnrealEd (198)
[2019.10.11-20.59.16:928][525]LogModuleManager: Shutting down and abandoning module MRMesh (196)
[2019.10.11-20.59.16:928][525]LogModuleManager: Shutting down and abandoning module SourceCodeAccess (194)
[2019.10.11-20.59.16:928][525]LogModuleManager: Shutting down and abandoning module HeadMountedDisplay (192)
[2019.10.11-20.59.16:928][525]LogModuleManager: Shutting down and abandoning module XAudio2 (190)
[2019.10.11-20.59.16:928][525]LogModuleManager: Shutting down and abandoning module Networking (188)
[2019.10.11-20.59.16:928][525]LogModuleManager: Shutting down and abandoning module Core (186)
[2019.10.11-20.59.16:928][525]LogModuleManager: Shutting down and abandoning module KismetCompiler (184)
[2019.10.11-20.59.16:928][525]LogModuleManager: Shutting down and abandoning module MeshUtilities (182)
[2019.10.11-20.59.16:928][525]LogModuleManager: Shutting down and abandoning module MeshMergeUtilities (181)
[2019.10.11-20.59.16:928][525]LogModuleManager: Shutting down and abandoning module MeshReductionInterface (180)
[2019.10.11-20.59.16:928][525]LogModuleManager: Shutting down and abandoning module SkeletalMeshReduction (179)
[2019.10.11-20.59.16:928][525]LogModuleManager: Shutting down and abandoning module ProxyLODMeshReduction (177)
[2019.10.11-20.59.16:928][525]LogModuleManager: Shutting down and abandoning module QuadricMeshReduction (175)
[2019.10.11-20.59.16:928][525]LogModuleManager: Shutting down and abandoning module MaterialBaking (171)
[2019.10.11-20.59.16:928][525]LogModuleManager: Shutting down and abandoning module NullInstallBundleManager (166)
[2019.10.11-20.59.16:928][525]LogModuleManager: Shutting down and abandoning module DerivedDataCache (164)
[2019.10.11-20.59.17:198][525]LogDerivedDataCache: Shutdown
[2019.10.11-20.59.17:199][525]LogModuleManager: Shutting down and abandoning module XGEController (162)
[2019.10.11-20.59.17:199][525]LogXGEController: Cleaning working directory: C:/Users/Cristian_H/AppData/Local/Temp/UnrealXGEWorkingDir/
[2019.10.11-20.59.17:199][525]LogModuleManager: Shutting down and abandoning module TargetPlatform (160)
[2019.10.11-20.59.17:199][525]LogModuleManager: Shutting down and abandoning module VulkanShaderFormat (159)
[2019.10.11-20.59.17:199][525]LogModuleManager: Shutting down and abandoning module ShaderFormatVectorVM (157)
[2019.10.11-20.59.17:199][525]LogModuleManager: Shutting down and abandoning module ShaderFormatOpenGL (155)
[2019.10.11-20.59.17:199][525]LogModuleManager: Shutting down and abandoning module ShaderFormatD3D (153)
[2019.10.11-20.59.17:199][525]LogModuleManager: Shutting down and abandoning module MetalShaderFormat (151)
[2019.10.11-20.59.17:199][525]LogModuleManager: Shutting down and abandoning module TextureFormatUncompressed (149)
[2019.10.11-20.59.17:199][525]LogModuleManager: Shutting down and abandoning module TextureFormatPVR (147)
[2019.10.11-20.59.17:199][525]LogModuleManager: Shutting down and abandoning module TextureFormatDXT (145)
[2019.10.11-20.59.17:199][525]LogModuleManager: Shutting down and abandoning module TextureFormatIntelISPCTexComp (143)
[2019.10.11-20.59.17:199][525]LogModuleManager: Shutting down and abandoning module TextureFormatASTC (141)
[2019.10.11-20.59.17:200][525]LogModuleManager: Shutting down and abandoning module ImageWrapper (140)
[2019.10.11-20.59.17:200][525]LogModuleManager: Shutting down and abandoning module TextureFormatAndroid (137)
[2019.10.11-20.59.17:200][525]LogModuleManager: Shutting down and abandoning module AudioFormatOpus (135)
[2019.10.11-20.59.17:200][525]LogModuleManager: Shutting down and abandoning module AudioFormatOgg (133)
[2019.10.11-20.59.17:200][525]LogModuleManager: Shutting down and abandoning module AudioFormatADPCM (131)
[2019.10.11-20.59.17:200][525]LogModuleManager: Shutting down and abandoning module LuminTargetPlatform (129)
[2019.10.11-20.59.17:201][525]LogModuleManager: Shutting down and abandoning module LinuxTargetPlatform (127)
[2019.10.11-20.59.17:201][525]LogModuleManager: Shutting down and abandoning module LinuxServerTargetPlatform (125)
[2019.10.11-20.59.17:201][525]LogModuleManager: Shutting down and abandoning module LinuxNoEditorTargetPlatform (123)
[2019.10.11-20.59.17:201][525]LogModuleManager: Shutting down and abandoning module LinuxClientTargetPlatform (121)
[2019.10.11-20.59.17:201][525]LogModuleManager: Shutting down and abandoning module TVOSTargetPlatform (119)
[2019.10.11-20.59.17:202][525]LogModuleManager: Shutting down and abandoning module Messaging (117)
[2019.10.11-20.59.17:202][525]LogModuleManager: Shutting down and abandoning module IOSTargetPlatform (115)
[2019.10.11-20.59.17:204][525]LogModuleManager: Shutting down and abandoning module HTML5TargetPlatform (113)
[2019.10.11-20.59.17:204][525]LogModuleManager: Shutting down and abandoning module AndroidTargetPlatform (111)
[2019.10.11-20.59.17:213][525]LogModuleManager: Shutting down and abandoning module WindowsTargetPlatform (109)
[2019.10.11-20.59.17:213][525]LogModuleManager: Shutting down and abandoning module WindowsServerTargetPlatform (107)
[2019.10.11-20.59.17:213][525]LogModuleManager: Shutting down and abandoning module WindowsNoEditorTargetPlatform (105)
[2019.10.11-20.59.17:213][525]LogModuleManager: Shutting down and abandoning module WindowsClientTargetPlatform (103)
[2019.10.11-20.59.17:213][525]LogModuleManager: Shutting down and abandoning module MacTargetPlatform (101)
[2019.10.11-20.59.17:213][525]LogModuleManager: Shutting down and abandoning module MacServerTargetPlatform (99)
[2019.10.11-20.59.17:213][525]LogModuleManager: Shutting down and abandoning module MacNoEditorTargetPlatform (97)
[2019.10.11-20.59.17:213][525]LogModuleManager: Shutting down and abandoning module MacClientTargetPlatform (95)
[2019.10.11-20.59.17:213][525]LogModuleManager: Shutting down and abandoning module AllDesktopTargetPlatform (93)
[2019.10.11-20.59.17:213][525]LogModuleManager: Shutting down and abandoning module InputCore (90)
[2019.10.11-20.59.17:213][525]LogModuleManager: Shutting down and abandoning module Settings (88)
[2019.10.11-20.59.17:213][525]LogModuleManager: Shutting down and abandoning module DirectoryWatcher (86)
[2019.10.11-20.59.17:213][525]LogModuleManager: Shutting down and abandoning module PhysXCooking (84)
[2019.10.11-20.59.17:213][525]LogModuleManager: Shutting down and abandoning module WindowsPlatformFeatures (82)
[2019.10.11-20.59.17:213][525]LogModuleManager: Shutting down and abandoning module GameplayMediaEncoder (81)
[2019.10.11-20.59.17:213][525]LogModuleManager: Shutting down and abandoning module SteamVR (78)
[2019.10.11-20.59.17:213][525]LogHMD: Freeing OpenVRDLLHandle.
[2019.10.11-20.59.17:213][525]LogModuleManager: Shutting down and abandoning module OculusHMD (76)
[2019.10.11-20.59.17:213][525]LogModuleManager: Shutting down and abandoning module ExampleDeviceProfileSelector (74)
[2019.10.11-20.59.17:213][525]LogModuleManager: Shutting down and abandoning module LauncherChunkInstaller (72)
[2019.10.11-20.59.17:214][525]LogModuleManager: Shutting down and abandoning module OnlineBlueprintSupport (70)
[2019.10.11-20.59.17:214][525]LogModuleManager: Shutting down and abandoning module OnlineSubsystem (66)
[2019.10.11-20.59.17:215][525]LogModuleManager: Shutting down and abandoning module XMPP (61)
[2019.10.11-20.59.17:215][525]LogModuleManager: Shutting down and abandoning module WebSockets (60)
[2019.10.11-20.59.17:222][525]LogModuleManager: Shutting down and abandoning module HTTP (57)
[2019.10.11-20.59.17:222][525]LogHttp: Display: Http module shutting down, but needs to wait on 1 outstanding Http requests:
[2019.10.11-20.59.17:222][525]LogHttp: Display: 	verb=[POST] url=[https://datarouter.ol.epicgames.com/datarouter/api/v1/public/data?SessionID=%7BFF01F32E-4DE2-B9E8-160D-609DE48718F1%7D&AppID=UEEditor.Rocket.Release&AppVersion=4.23.0-8386587%2B%2B%2BUE4%2BRelease-4.23&UserID=59e2e3b845c41eb22c0c79bcdcd65423%7C7ec9b1a0575541f28e1344993bf04c44%7C791379e0-5ec5-43ed-bc76-9a9f56d6f787&AppEnvironment=datacollector-binary&UploadType=eteventstream] status=Processing
[2019.10.11-20.59.17:248][525]LogModuleManager: Shutting down and abandoning module SSL (56)
[2019.10.11-20.59.17:249][525]LogModuleManager: Shutting down and abandoning module WmfMedia (52)
[2019.10.11-20.59.17:253][525]LogModuleManager: Shutting down and abandoning module Media (51)
[2019.10.11-20.59.17:255][525]LogModuleManager: Shutting down and abandoning module MagicLeap (48)
[2019.10.11-20.59.17:255][525]LogModuleManager: Shutting down and abandoning module DatasmithContent (46)
[2019.10.11-20.59.17:257][525]LogModuleManager: Shutting down and abandoning module AISupportModule (44)
[2019.10.11-20.59.17:257][525]LogModuleManager: Shutting down and abandoning module PlatformCryptoOpenSSL (42)
[2019.10.11-20.59.17:257][525]LogModuleManager: Shutting down and abandoning module PlatformCrypto (40)
[2019.10.11-20.59.17:257][525]LogModuleManager: Shutting down and abandoning module AnimationModifiers (38)
[2019.10.11-20.59.17:257][525]LogModuleManager: Shutting down and abandoning module PropertyEditor (37)
[2019.10.11-20.59.17:257][525]LogModuleManager: Shutting down and abandoning module AudioEditor (34)
[2019.10.11-20.59.17:258][525]LogModuleManager: Shutting down and abandoning module TextureCompressor (32)
[2019.10.11-20.59.17:258][525]LogModuleManager: Shutting down and abandoning module RenderCore (30)
[2019.10.11-20.59.17:258][525]LogModuleManager: Shutting down and abandoning module Landscape (28)
[2019.10.11-20.59.17:258][525]LogModuleManager: Shutting down and abandoning module SlateRHIRenderer (26)
[2019.10.11-20.59.17:258][525]LogModuleManager: Shutting down and abandoning module OpenGLDrv (24)
[2019.10.11-20.59.17:258][525]LogModuleManager: Shutting down and abandoning module D3D11RHI (22)
[2019.10.11-20.59.17:259][525]LogModuleManager: Shutting down and abandoning module AnimGraphRuntime (20)
[2019.10.11-20.59.17:259][525]LogModuleManager: Shutting down and abandoning module Renderer (18)
[2019.10.11-20.59.17:259][525]LogModuleManager: Shutting down and abandoning module Engine (16)
[2019.10.11-20.59.17:259][525]LogModuleManager: Shutting down and abandoning module CoreUObject (14)
[2019.10.11-20.59.17:259][525]LogModuleManager: Shutting down and abandoning module NetworkFile (12)
[2019.10.11-20.59.17:259][525]LogModuleManager: Shutting down and abandoning module CookedIterativeFile (10)
[2019.10.11-20.59.17:259][525]LogModuleManager: Shutting down and abandoning module StreamingFile (8)
[2019.10.11-20.59.17:259][525]LogModuleManager: Shutting down and abandoning module SandboxFile (6)
[2019.10.11-20.59.17:259][525]LogModuleManager: Shutting down and abandoning module PakFile (4)
[2019.10.11-20.59.17:259][525]LogModuleManager: Shutting down and abandoning module RSA (3)
[2019.10.11-20.59.17:259][525]LogD3D11RHI: Shutdown
[2019.10.11-20.59.17:259][525]LogD3D11RHI: CleanupD3DDevice
[2019.10.11-20.59.17:259][525]LogRendererCore: FGlobalDynamicReadBuffer::Cleanup()
[2019.10.11-20.59.17:259][525]LogRendererCore: FGlobalDynamicReadBuffer::Cleanup()
[2019.10.11-20.59.17:259][525]LogRendererCore: FGlobalDynamicReadBuffer::Cleanup()
[2019.10.11-20.59.17:397][525]LogD3D11RHI: ~FD3D11DynamicRHI
[2019.10.11-20.59.17:409][525]LogExit: Exiting.
[2019.10.11-20.59.17:412][525]Log file closed, 10/11/19 21:59:17
